Log file open, 12/14/19 18:51:53
LogWindows: Failed to load 'aqProf.dll' (GetLastError=126)
LogWindows: File 'aqProf.dll' does not exist
LogWindows: Failed to load 'VtuneApi.dll' (GetLastError=126)
LogWindows: File 'VtuneApi.dll' does not exist
LogWindows: Failed to load 'VtuneApi32e.dll' (GetLastError=126)
LogWindows: File 'VtuneApi32e.dll' does not exist
LogConsoleResponse: Display: Failed to find resolution value strings in scalability ini. Falling back to default.
LogInit: Display: Running engine for game: SlenderRemaster
LogPlatformFile: Not using cached read wrapper
LogTaskGraph: Started task graph with 5 named threads and 23 total threads with 3 sets of task threads.
LogStats: Stats thread started at 0.120808
LogD3D11RHI: Loaded GFSDK_Aftermath_Lib.x64.dll
LogICUInternationalization: ICU TimeZone Detection - Raw Offset: -6:00, Platform Override: ''
LogPluginManager: Mounting plugin Paper2D
LogPluginManager: Mounting plugin AISupport
LogPluginManager: Mounting plugin LightPropagationVolume
LogPluginManager: Mounting plugin ActorLayerUtilities
LogPluginManager: Mounting plugin AnimationSharing
LogPluginManager: Mounting plugin CLionSourceCodeAccess
LogPluginManager: Mounting plugin CodeLiteSourceCodeAccess
LogPluginManager: Mounting plugin GitSourceControl
LogPluginManager: Mounting plugin KDevelopSourceCodeAccess
LogPluginManager: Mounting plugin NullSourceCodeAccess
LogPluginManager: Mounting plugin PerforceSourceControl
LogPluginManager: Mounting plugin SubversionSourceControl
LogPluginManager: Mounting plugin UObjectPlugin
LogPluginManager: Mounting plugin VisualStudioCodeSourceCodeAccess
LogPluginManager: Mounting plugin VisualStudioSourceCodeAccess
LogPluginManager: Mounting plugin XCodeSourceCodeAccess
LogPluginManager: Mounting plugin AssetManagerEditor
LogPluginManager: Mounting plugin CryptoKeys
LogPluginManager: Mounting plugin CurveEditorTools
LogPluginManager: Mounting plugin DataValidation
LogPluginManager: Mounting plugin FacialAnimation
LogPluginManager: Mounting plugin GameplayTagsEditor
LogPluginManager: Mounting plugin MacGraphicsSwitching
LogPluginManager: Mounting plugin MaterialAnalyzer
LogPluginManager: Mounting plugin MobileLauncherProfileWizard
LogPluginManager: Mounting plugin PluginBrowser
LogPluginManager: Mounting plugin SpeedTreeImporter
LogPluginManager: Mounting plugin DatasmithContent
LogPluginManager: Mounting plugin VariantManagerContent
LogPluginManager: Mounting plugin AlembicImporter
LogPluginManager: Mounting plugin AutomationUtils
LogPluginManager: Mounting plugin BackChannel
LogPluginManager: Mounting plugin CharacterAI
LogPluginManager: Mounting plugin GeometryCache
LogPluginManager: Mounting plugin HTML5Networking
LogPluginManager: Mounting plugin PlatformCrypto
LogPluginManager: Mounting plugin ProxyLODPlugin
LogPluginManager: Mounting plugin SkeletalReduction
LogPluginManager: Mounting plugin MagicLeap
LogPluginManager: Mounting plugin MagicLeapMedia
LogPluginManager: Mounting plugin AndroidMedia
LogPluginManager: Mounting plugin AvfMedia
LogPluginManager: Mounting plugin ImgMedia
LogPluginManager: Mounting plugin MediaCompositing
LogPluginManager: Mounting plugin MediaPlayerEditor
LogPluginManager: Mounting plugin WebMMedia
LogPluginManager: Mounting plugin WmfMedia
LogPluginManager: Mounting plugin TcpMessaging
LogPluginManager: Mounting plugin UdpMessaging
LogPluginManager: Mounting plugin ActorSequence
LogPluginManager: Mounting plugin LevelSequenceEditor
LogPluginManager: Mounting plugin MatineeToLevelSequence
LogPluginManager: Mounting plugin NetcodeUnitTest
LogPluginManager: Mounting plugin NUTUnrealEngine4
LogPluginManager: Mounting plugin OnlineSubsystemGooglePlay
LogPluginManager: Mounting plugin OnlineSubsystemIOS
LogPluginManager: Mounting plugin OnlineSubsystem
LogPluginManager: Mounting plugin OnlineSubsystemNull
LogPluginManager: Mounting plugin OnlineSubsystemUtils
LogPluginManager: Mounting plugin LauncherChunkInstaller
LogPluginManager: Mounting plugin AndroidDeviceProfileSelector
LogPluginManager: Mounting plugin AndroidMoviePlayer
LogPluginManager: Mounting plugin AndroidPermission
LogPluginManager: Mounting plugin AppleImageUtils
LogPluginManager: Mounting plugin AppleMoviePlayer
LogPluginManager: Mounting plugin ArchVisCharacter
LogPluginManager: Mounting plugin AudioCapture
LogPluginManager: Mounting plugin CableComponent
LogPluginManager: Mounting plugin CustomMeshComponent
LogPluginManager: Mounting plugin EditableMesh
LogPluginManager: Mounting plugin ExampleDeviceProfileSelector
LogPluginManager: Mounting plugin GoogleCloudMessaging
LogPluginManager: Mounting plugin HoudiniEngine
LogPluginManager: Mounting plugin IOSDeviceProfileSelector
LogPluginManager: Mounting plugin LinuxDeviceProfileSelector
LogPluginManager: Mounting plugin LocationServicesBPLibrary
LogPluginManager: Mounting plugin MobilePatchingUtils
LogPluginManager: Mounting plugin OculusVR
LogPluginManager: Mounting plugin PhysXVehicles
LogPluginManager: Mounting plugin ProceduralMeshComponent
LogPluginManager: Mounting plugin RuntimePhysXCooking
LogPluginManager: Mounting plugin SignificanceManager
LogPluginManager: Mounting plugin SteamVR
LogPluginManager: Mounting plugin WebMMoviePlayer
LogPluginManager: Mounting plugin WindowsMoviePlayer
LogPluginManager: Mounting plugin ScreenshotTools
LogPluginManager: Mounting plugin UnrealEnginePython
LogInit: Using libcurl 7.55.1-DEV
LogInit:  - built for x86_64-pc-win32
LogInit:  - supports SSL with OpenSSL/1.1.1
LogInit:  - supports HTTP deflate (compression) using libz 1.2.8
LogInit:  - other features:
LogInit:      CURL_VERSION_SSL
LogInit:      CURL_VERSION_LIBZ
LogInit:      CURL_VERSION_IPV6
LogInit:      CURL_VERSION_ASYNCHDNS
LogInit:      CURL_VERSION_LARGEFILE
LogInit:      CURL_VERSION_IDN
LogInit:  CurlRequestOptions (configurable via config and command line):
LogInit:  - bVerifyPeer = true  - Libcurl will verify peer certificate
LogInit:  - bUseHttpProxy = false  - Libcurl will NOT use HTTP proxy
LogInit:  - bDontReuseConnections = false  - Libcurl will reuse connections
LogInit:  - MaxHostConnections = 16  - Libcurl will limit the number of connections to a host
LogInit:  - LocalHostAddr = Default
LogInit:  - BufferSize = 65536
LogOnline: OSS: Creating online subsystem instance for: NULL
LogInit: WinSock: version 1.1 (2.2), MaxSocks=32767, MaxUdp=65467
LogInit: Build: ++UE4+Release-4.23-CL-9631420
LogInit: Engine Version: 4.23.1-9631420+++UE4+Release-4.23
LogInit: Compatible Engine Version: 4.23.0-8386587+++UE4+Release-4.23
LogInit: Net CL: 8386587
LogInit: OS: Windows 10 (Release 1903) (), CPU:        Intel(R) Core(TM) i7-2600K CPU @ 3.40GHz, GPU: NVIDIA GeForce RTX 2060
LogInit: Compiled (64-bit): Oct 18 2019 02:07:44
LogInit: Compiled with Visual C++: 19.16.27030.01
LogInit: Build Configuration: Development
LogInit: Branch Name: ++UE4+Release-4.23
LogInit: Command Line: 
LogInit: Base Directory: E:/UE_4/UE_4.23/Engine/Binaries/Win64/
LogInit: Installed Engine Build: 1
LogDevObjectVersion: Number of dev versions registered: 23
LogDevObjectVersion:   Dev-Blueprints (B0D832E4-1F89-4F0D-ACCF-7EB736FD4AA2): 10
LogDevObjectVersion:   Dev-Build (E1C64328-A22C-4D53-A36C-8E866417BD8C): 0
LogDevObjectVersion:   Dev-Core (375EC13C-06E4-48FB-B500-84F0262A717E): 3
LogDevObjectVersion:   Dev-Editor (E4B068ED-F494-42E9-A231-DA0B2E46BB41): 34
LogDevObjectVersion:   Dev-Framework (CFFC743F-43B0-4480-9391-14DF171D2073): 35
LogDevObjectVersion:   Dev-Mobile (B02B49B5-BB20-44E9-A304-32B752E40360): 2
LogDevObjectVersion:   Dev-Networking (A4E4105C-59A1-49B5-A7C5-40C4547EDFEE): 0
LogDevObjectVersion:   Dev-Online (39C831C9-5AE6-47DC-9A44-9C173E1C8E7C): 0
LogDevObjectVersion:   Dev-Physics (78F01B33-EBEA-4F98-B9B4-84EACCB95AA2): 0
LogDevObjectVersion:   Dev-Platform (6631380F-2D4D-43E0-8009-CF276956A95A): 0
LogDevObjectVersion:   Dev-Rendering (12F88B9F-8875-4AFC-A67C-D90C383ABD29): 31
LogDevObjectVersion:   Dev-Sequencer (7B5AE74C-D270-4C10-A958-57980B212A5A): 11
LogDevObjectVersion:   Dev-VR (D7296918-1DD6-4BDD-9DE2-64A83CC13884): 2
LogDevObjectVersion:   Dev-LoadTimes (C2A15278-BFE7-4AFE-6C17-90FF531DF755): 1
LogDevObjectVersion:   Private-Geometry (6EACA3D4-40EC-4CC1-B786-8BED09428FC5): 3
LogDevObjectVersion:   Dev-AnimPhys (29E575DD-E0A3-4627-9D10-D276232CDCEA): 17
LogDevObjectVersion:   Dev-Anim (AF43A65D-7FD3-4947-9873-3E8ED9C1BB05): 2
LogDevObjectVersion:   Dev-ReflectionCapture (6B266CEC-1EC7-4B8F-A30B-E4D90942FC07): 1
LogDevObjectVersion:   Dev-Automation (0DF73D61-A23F-47EA-B727-89E90C41499A): 1
LogDevObjectVersion:   FortniteMain (601D1886-AC64-4F84-AA16-D3DE0DEAC7D6): 27
LogDevObjectVersion:   Dev-Enterprise (9DFFBCD6-494F-0158-E221-12823C92A888): 6
LogDevObjectVersion:   Dev-Niagara (F2AED0AC-9AFE-416F-8664-AA7FFA26D6FC): 1
LogDevObjectVersion:   Dev-Destruction (174F1F0B-B4C6-45A5-B13F-2EE8D0FB917D): 9
LogInit: Presizing for max 16777216 objects, including 0 objects not considered by GC, pre-allocating 0 bytes for permanent pool.
LogInit: Object subsystem initialized
LogConfig: Setting CVar [[con.DebugEarlyDefault:1]]
LogConfig: Setting CVar [[r.setres:1280x720]]
[2019.12.15-00.51.55:987][  0]LogConfig: Setting CVar [[r.VSync:0]]
[2019.12.15-00.51.55:987][  0]LogConfig: Setting CVar [[r.RHICmdBypass:0]]
[2019.12.15-00.51.55:987][  0]LogConfig: Applying CVar settings from Section [/Script/Engine.RendererSettings] File [E:/Repo's/SlenderRedux/SlenderRemaster/Saved/Config/Windows/Engine.ini]
[2019.12.15-00.51.55:987][  0]LogConfig: Setting CVar [[r.GPUCrashDebugging:0]]
[2019.12.15-00.51.55:987][  0]LogConfig: Setting CVar [[r.DefaultFeature.AutoExposure.ExtendDefaultLuminanceRange:1]]
[2019.12.15-00.51.55:987][  0]LogConfig: Applying CVar settings from Section [/Script/Engine.RendererOverrideSettings] File [E:/Repo's/SlenderRedux/SlenderRemaster/Saved/Config/Windows/Engine.ini]
[2019.12.15-00.51.55:987][  0]LogConfig: Setting CVar [[r.SupportAllShaderPermutations:0]]
[2019.12.15-00.51.55:987][  0]LogConfig: Setting CVar [[r.SkinCache.ForceRecomputeTangents:0]]
[2019.12.15-00.51.55:987][  0]LogConfig: Applying CVar settings from Section [/Script/Engine.StreamingSettings] File [E:/Repo's/SlenderRedux/SlenderRemaster/Saved/Config/Windows/Engine.ini]
[2019.12.15-00.51.55:987][  0]LogConfig: Setting CVar [[s.MinBulkDataSizeForAsyncLoading:131072]]
[2019.12.15-00.51.55:987][  0]LogConfig: Setting CVar [[s.AsyncLoadingThreadEnabled:0]]
[2019.12.15-00.51.55:987][  0]LogConfig: Setting CVar [[s.EventDrivenLoaderEnabled:1]]
[2019.12.15-00.51.55:987][  0]LogConfig: Setting CVar [[s.WarnIfTimeLimitExceeded:0]]
[2019.12.15-00.51.55:987][  0]LogConfig: Setting CVar [[s.TimeLimitExceededMultiplier:1.5]]
[2019.12.15-00.51.55:987][  0]LogConfig: Setting CVar [[s.TimeLimitExceededMinTime:0.005]]
[2019.12.15-00.51.55:987][  0]LogConfig: Setting CVar [[s.UseBackgroundLevelStreaming:1]]
[2019.12.15-00.51.55:987][  0]LogConfig: Setting CVar [[s.PriorityAsyncLoadingExtraTime:15.0]]
[2019.12.15-00.51.55:987][  0]LogConfig: Setting CVar [[s.LevelStreamingActorsUpdateTimeLimit:5.0]]
[2019.12.15-00.51.55:987][  0]LogConfig: Setting CVar [[s.PriorityLevelStreamingActorsUpdateExtraTime:5.0]]
[2019.12.15-00.51.55:987][  0]LogConfig: Setting CVar [[s.LevelStreamingComponentsRegistrationGranularity:10]]
[2019.12.15-00.51.55:987][  0]LogConfig: Setting CVar [[s.UnregisterComponentsTimeLimit:1.0]]
[2019.12.15-00.51.55:988][  0]LogConfig: Setting CVar [[s.LevelStreamingComponentsUnregistrationGranularity:5]]
[2019.12.15-00.51.55:988][  0]LogConfig: Applying CVar settings from Section [/Script/Engine.GarbageCollectionSettings] File [E:/Repo's/SlenderRedux/SlenderRemaster/Saved/Config/Windows/Engine.ini]
[2019.12.15-00.51.55:988][  0]LogConfig: Setting CVar [[gc.MaxObjectsNotConsideredByGC:1]]
[2019.12.15-00.51.55:988][  0]LogConfig: Setting CVar [[gc.SizeOfPermanentObjectPool:0]]
[2019.12.15-00.51.55:988][  0]LogConfig: Setting CVar [[gc.FlushStreamingOnGC:0]]
[2019.12.15-00.51.55:988][  0]LogConfig: Setting CVar [[gc.NumRetriesBeforeForcingGC:10]]
[2019.12.15-00.51.55:988][  0]LogConfig: Setting CVar [[gc.AllowParallelGC:1]]
[2019.12.15-00.51.55:988][  0]LogConfig: Setting CVar [[gc.TimeBetweenPurgingPendingKillObjects:61.1]]
[2019.12.15-00.51.55:988][  0]LogConfig: Setting CVar [[gc.MaxObjectsInEditor:16777216]]
[2019.12.15-00.51.55:988][  0]LogConfig: Setting CVar [[gc.IncrementalBeginDestroyEnabled:1]]
[2019.12.15-00.51.55:988][  0]LogConfig: Setting CVar [[gc.CreateGCClusters:1]]
[2019.12.15-00.51.55:988][  0]LogConfig: Setting CVar [[gc.MinGCClusterSize:5]]
[2019.12.15-00.51.55:988][  0]LogConfig: Setting CVar [[gc.ActorClusteringEnabled:0]]
[2019.12.15-00.51.55:988][  0]LogConfig: Setting CVar [[gc.BlueprintClusteringEnabled:0]]
[2019.12.15-00.51.55:988][  0]LogConfig: Setting CVar [[gc.UseDisregardForGCOnDedicatedServers:0]]
[2019.12.15-00.51.55:988][  0]LogConfig: Applying CVar settings from Section [/Script/Engine.NetworkSettings] File [E:/Repo's/SlenderRedux/SlenderRemaster/Saved/Config/Windows/Engine.ini]
[2019.12.15-00.51.55:988][  0]LogConfig: Applying CVar settings from Section [/Script/UnrealEd.CookerSettings] File [E:/Repo's/SlenderRedux/SlenderRemaster/Saved/Config/Windows/Engine.ini]
[2019.12.15-00.51.55:990][  0]LogConfig: Applying CVar settings from Section [ViewDistanceQuality@3] File [E:/Repo's/SlenderRedux/SlenderRemaster/Saved/Config/Windows/Scalability.ini]
[2019.12.15-00.51.55:990][  0]LogConfig: Setting CVar [[r.SkeletalMeshLODBias:0]]
[2019.12.15-00.51.55:990][  0]LogConfig: Setting CVar [[r.ViewDistanceScale:1.0]]
[2019.12.15-00.51.55:990][  0]LogConfig: Applying CVar settings from Section [AntiAliasingQuality@3] File [E:/Repo's/SlenderRedux/SlenderRemaster/Saved/Config/Windows/Scalability.ini]
[2019.12.15-00.51.55:990][  0]LogConfig: Setting CVar [[r.PostProcessAAQuality:4]]
[2019.12.15-00.51.55:990][  0]LogConfig: Applying CVar settings from Section [ShadowQuality@3] File [E:/Repo's/SlenderRedux/SlenderRemaster/Saved/Config/Windows/Scalability.ini]
[2019.12.15-00.51.55:990][  0]LogConfig: Setting CVar [[r.LightFunctionQuality:1]]
[2019.12.15-00.51.55:990][  0]LogConfig: Setting CVar [[r.ShadowQuality:5]]
[2019.12.15-00.51.55:990][  0]LogConfig: Setting CVar [[r.Shadow.CSM.MaxCascades:10]]
[2019.12.15-00.51.55:990][  0]LogConfig: Setting CVar [[r.Shadow.MaxResolution:2048]]
[2019.12.15-00.51.55:990][  0]LogConfig: Setting CVar [[r.Shadow.MaxCSMResolution:2048]]
[2019.12.15-00.51.55:990][  0]LogConfig: Setting CVar [[r.Shadow.RadiusThreshold:0.01]]
[2019.12.15-00.51.55:990][  0]LogConfig: Setting CVar [[r.Shadow.DistanceScale:1.0]]
[2019.12.15-00.51.55:990][  0]LogConfig: Setting CVar [[r.Shadow.CSM.TransitionScale:1.0]]
[2019.12.15-00.51.55:990][  0]LogConfig: Setting CVar [[r.Shadow.PreShadowResolutionFactor:1.0]]
[2019.12.15-00.51.55:990][  0]LogConfig: Setting CVar [[r.DistanceFieldShadowing:1]]
[2019.12.15-00.51.55:990][  0]LogConfig: Setting CVar [[r.DistanceFieldAO:1]]
[2019.12.15-00.51.55:990][  0]LogConfig: Setting CVar [[r.AOQuality:2]]
[2019.12.15-00.51.55:990][  0]LogConfig: Setting CVar [[r.VolumetricFog:1]]
[2019.12.15-00.51.55:990][  0]LogConfig: Setting CVar [[r.VolumetricFog.GridPixelSize:8]]
[2019.12.15-00.51.55:990][  0]LogConfig: Setting CVar [[r.VolumetricFog.GridSizeZ:128]]
[2019.12.15-00.51.55:990][  0]LogConfig: Setting CVar [[r.VolumetricFog.HistoryMissSupersampleCount:4]]
[2019.12.15-00.51.55:990][  0]LogConfig: Setting CVar [[r.LightMaxDrawDistanceScale:1]]
[2019.12.15-00.51.55:990][  0]LogConfig: Setting CVar [[r.CapsuleShadows:1]]
[2019.12.15-00.51.55:990][  0]LogConfig: Applying CVar settings from Section [PostProcessQuality@3] File [E:/Repo's/SlenderRedux/SlenderRemaster/Saved/Config/Windows/Scalability.ini]
[2019.12.15-00.51.55:990][  0]LogConfig: Setting CVar [[r.MotionBlurQuality:4]]
[2019.12.15-00.51.55:990][  0]LogConfig: Setting CVar [[r.AmbientOcclusionMipLevelFactor:0.4]]
[2019.12.15-00.51.55:990][  0]LogConfig: Setting CVar [[r.AmbientOcclusionMaxQuality:100]]
[2019.12.15-00.51.55:990][  0]LogConfig: Setting CVar [[r.AmbientOcclusionLevels:-1]]
[2019.12.15-00.51.55:990][  0]LogConfig: Setting CVar [[r.AmbientOcclusionRadiusScale:1.0]]
[2019.12.15-00.51.55:990][  0]LogConfig: Setting CVar [[r.DepthOfFieldQuality:2]]
[2019.12.15-00.51.55:990][  0]LogConfig: Setting CVar [[r.RenderTargetPoolMin:400]]
[2019.12.15-00.51.55:990][  0]LogConfig: Setting CVar [[r.LensFlareQuality:2]]
[2019.12.15-00.51.55:990][  0]LogConfig: Setting CVar [[r.SceneColorFringeQuality:1]]
[2019.12.15-00.51.55:990][  0]LogConfig: Setting CVar [[r.EyeAdaptationQuality:2]]
[2019.12.15-00.51.55:990][  0]LogConfig: Setting CVar [[r.BloomQuality:5]]
[2019.12.15-00.51.55:990][  0]LogConfig: Setting CVar [[r.FastBlurThreshold:100]]
[2019.12.15-00.51.55:990][  0]LogConfig: Setting CVar [[r.Upscale.Quality:3]]
[2019.12.15-00.51.55:990][  0]LogConfig: Setting CVar [[r.Tonemapper.GrainQuantization:1]]
[2019.12.15-00.51.55:990][  0]LogConfig: Setting CVar [[r.LightShaftQuality:1]]
[2019.12.15-00.51.55:991][  0]LogConfig: Setting CVar [[r.Filter.SizeScale:1]]
[2019.12.15-00.51.55:991][  0]LogConfig: Setting CVar [[r.Tonemapper.Quality:5]]
[2019.12.15-00.51.55:991][  0]LogConfig: Setting CVar [[r.DOF.Gather.AccumulatorQuality:1        ; higher gathering accumulator quality]]
[2019.12.15-00.51.55:991][  0]LogConfig: Setting CVar [[r.DOF.Gather.PostfilterMethod:1          ; Median3x3 postfilering method]]
[2019.12.15-00.51.55:991][  0]LogConfig: Setting CVar [[r.DOF.Gather.EnableBokehSettings:0       ; no bokeh simulation when gathering]]
[2019.12.15-00.51.55:991][  0]LogConfig: Setting CVar [[r.DOF.Gather.RingCount:4                 ; medium number of samples when gathering]]
[2019.12.15-00.51.55:991][  0]LogConfig: Setting CVar [[r.DOF.Scatter.ForegroundCompositing:1    ; additive foreground scattering]]
[2019.12.15-00.51.55:991][  0]LogConfig: Setting CVar [[r.DOF.Scatter.BackgroundCompositing:2    ; additive background scattering]]
[2019.12.15-00.51.55:991][  0]LogConfig: Setting CVar [[r.DOF.Scatter.EnableBokehSettings:1      ; bokeh simulation when scattering]]
[2019.12.15-00.51.55:991][  0]LogConfig: Setting CVar [[r.DOF.Scatter.MaxSpriteRatio:0.1         ; only a maximum of 10% of scattered bokeh]]
[2019.12.15-00.51.55:991][  0]LogConfig: Setting CVar [[r.DOF.Recombine.Quality:1                ; cheap slight out of focus]]
[2019.12.15-00.51.55:991][  0]LogConfig: Setting CVar [[r.DOF.Recombine.EnableBokehSettings:0    ; no bokeh simulation on slight out of focus]]
[2019.12.15-00.51.55:991][  0]LogConfig: Setting CVar [[r.DOF.TemporalAAQuality:1                ; more stable temporal accumulation]]
[2019.12.15-00.51.55:991][  0]LogConfig: Setting CVar [[r.DOF.Kernel.MaxForegroundRadius:0.025]]
[2019.12.15-00.51.55:991][  0]LogConfig: Setting CVar [[r.DOF.Kernel.MaxBackgroundRadius:0.025]]
[2019.12.15-00.51.55:991][  0]LogConfig: Applying CVar settings from Section [TextureQuality@3] File [E:/Repo's/SlenderRedux/SlenderRemaster/Saved/Config/Windows/Scalability.ini]
[2019.12.15-00.51.55:991][  0]LogConfig: Setting CVar [[r.Streaming.MipBias:0]]
[2019.12.15-00.51.55:991][  0]LogConfig: Setting CVar [[r.Streaming.AmortizeCPUToGPUCopy:0]]
[2019.12.15-00.51.55:991][  0]LogConfig: Setting CVar [[r.Streaming.MaxNumTexturesToStreamPerFrame:0]]
[2019.12.15-00.51.55:991][  0]LogConfig: Setting CVar [[r.Streaming.Boost:1]]
[2019.12.15-00.51.55:991][  0]LogConfig: Setting CVar [[r.MaxAnisotropy:8]]
[2019.12.15-00.51.55:991][  0]LogConfig: Setting CVar [[r.Streaming.LimitPoolSizeToVRAM:0]]
[2019.12.15-00.51.55:991][  0]LogConfig: Setting CVar [[r.Streaming.PoolSize:1000]]
[2019.12.15-00.51.55:991][  0]LogConfig: Setting CVar [[r.Streaming.MaxEffectiveScreenSize:0]]
[2019.12.15-00.51.55:991][  0]LogConfig: Applying CVar settings from Section [EffectsQuality@3] File [E:/Repo's/SlenderRedux/SlenderRemaster/Saved/Config/Windows/Scalability.ini]
[2019.12.15-00.51.55:991][  0]LogConfig: Setting CVar [[r.TranslucencyLightingVolumeDim:64]]
[2019.12.15-00.51.55:991][  0]LogConfig: Setting CVar [[r.RefractionQuality:2]]
[2019.12.15-00.51.55:991][  0]LogConfig: Setting CVar [[r.SSR.Quality:3]]
[2019.12.15-00.51.55:991][  0]LogConfig: Setting CVar [[r.SceneColorFormat:4]]
[2019.12.15-00.51.55:991][  0]LogConfig: Setting CVar [[r.DetailMode:2]]
[2019.12.15-00.51.55:991][  0]LogConfig: Setting CVar [[r.TranslucencyVolumeBlur:1]]
[2019.12.15-00.51.55:991][  0]LogConfig: Setting CVar [[r.MaterialQualityLevel:1 ; High quality]]
[2019.12.15-00.51.55:991][  0]LogConfig: Setting CVar [[r.SSS.Scale:1]]
[2019.12.15-00.51.55:991][  0]LogConfig: Setting CVar [[r.SSS.SampleSet:2]]
[2019.12.15-00.51.55:991][  0]LogConfig: Setting CVar [[r.SSS.Quality:1]]
[2019.12.15-00.51.55:991][  0]LogConfig: Setting CVar [[r.SSS.HalfRes:1]]
[2019.12.15-00.51.55:991][  0]LogConfig: Setting CVar [[r.EmitterSpawnRateScale:1.0]]
[2019.12.15-00.51.55:991][  0]LogConfig: Setting CVar [[r.ParticleLightQuality:2]]
[2019.12.15-00.51.55:991][  0]LogConfig: Applying CVar settings from Section [FoliageQuality@3] File [E:/Repo's/SlenderRedux/SlenderRemaster/Saved/Config/Windows/Scalability.ini]
[2019.12.15-00.51.55:991][  0]LogConfig: Setting CVar [[foliage.DensityScale:1.0]]
[2019.12.15-00.51.55:991][  0]LogConfig: Setting CVar [[grass.DensityScale:1.0]]
[2019.12.15-00.51.55:991][  0]LogInit: Selected Device Profile: [Windows]
[2019.12.15-00.51.55:991][  0]LogInit: Applying CVar settings loaded from the selected device profile: [Windows]
[2019.12.15-00.51.56:042][  0]LogHAL: Display: Platform has ~ 16 GB [17100046336 / 17179869184 / 16], which maps to Larger [LargestMinGB=32, LargerMinGB=12, DefaultMinGB=8, SmallerMinGB=6, SmallestMinGB=0)
[2019.12.15-00.51.56:042][  0]LogInit: Going up to parent DeviceProfile []
[2019.12.15-00.51.56:042][  0]LogConfig: Applying CVar settings from Section [ViewDistanceQuality@1] File [E:/Repo's/SlenderRedux/SlenderRemaster/Saved/Config/Windows/Scalability.ini]
[2019.12.15-00.51.56:042][  0]LogConfig: Setting CVar [[r.SkeletalMeshLODBias:1]]
[2019.12.15-00.51.56:042][  0]LogConfig: Setting CVar [[r.ViewDistanceScale:0.6]]
[2019.12.15-00.51.56:042][  0]LogConfig: Applying CVar settings from Section [AntiAliasingQuality@1] File [E:/Repo's/SlenderRedux/SlenderRemaster/Saved/Config/Windows/Scalability.ini]
[2019.12.15-00.51.56:042][  0]LogConfig: Setting CVar [[r.PostProcessAAQuality:2]]
[2019.12.15-00.51.56:042][  0]LogConfig: Applying CVar settings from Section [ShadowQuality@1] File [E:/Repo's/SlenderRedux/SlenderRemaster/Saved/Config/Windows/Scalability.ini]
[2019.12.15-00.51.56:042][  0]LogConfig: Setting CVar [[r.LightFunctionQuality:1]]
[2019.12.15-00.51.56:042][  0]LogConfig: Setting CVar [[r.ShadowQuality:3]]
[2019.12.15-00.51.56:042][  0]LogConfig: Setting CVar [[r.Shadow.CSM.MaxCascades:1]]
[2019.12.15-00.51.56:042][  0]LogConfig: Setting CVar [[r.Shadow.MaxResolution:1024]]
[2019.12.15-00.51.56:042][  0]LogConfig: Setting CVar [[r.Shadow.MaxCSMResolution:1024]]
[2019.12.15-00.51.56:042][  0]LogConfig: Setting CVar [[r.Shadow.RadiusThreshold:0.05]]
[2019.12.15-00.51.56:042][  0]LogConfig: Setting CVar [[r.Shadow.DistanceScale:0.7]]
[2019.12.15-00.51.56:042][  0]LogConfig: Setting CVar [[r.Shadow.CSM.TransitionScale:0.25]]
[2019.12.15-00.51.56:042][  0]LogConfig: Setting CVar [[r.Shadow.PreShadowResolutionFactor:0.5]]
[2019.12.15-00.51.56:042][  0]LogConfig: Setting CVar [[r.DistanceFieldShadowing:0]]
[2019.12.15-00.51.56:042][  0]LogConfig: Setting CVar [[r.DistanceFieldAO:0]]
[2019.12.15-00.51.56:042][  0]LogConfig: Setting CVar [[r.VolumetricFog:0]]
[2019.12.15-00.51.56:042][  0]LogConfig: Setting CVar [[r.LightMaxDrawDistanceScale:.5]]
[2019.12.15-00.51.56:042][  0]LogConfig: Setting CVar [[r.CapsuleShadows:1]]
[2019.12.15-00.51.56:042][  0]LogConfig: Applying CVar settings from Section [PostProcessQuality@1] File [E:/Repo's/SlenderRedux/SlenderRemaster/Saved/Config/Windows/Scalability.ini]
[2019.12.15-00.51.56:042][  0]LogConfig: Setting CVar [[r.MotionBlurQuality:3]]
[2019.12.15-00.51.56:042][  0]LogConfig: Setting CVar [[r.AmbientOcclusionMipLevelFactor:1.0]]
[2019.12.15-00.51.56:042][  0]LogConfig: Setting CVar [[r.AmbientOcclusionMaxQuality:60]]
[2019.12.15-00.51.56:042][  0]LogConfig: Setting CVar [[r.AmbientOcclusionLevels:-1]]
[2019.12.15-00.51.56:042][  0]LogConfig: Setting CVar [[r.AmbientOcclusionRadiusScale:1.5]]
[2019.12.15-00.51.56:042][  0]LogConfig: Setting CVar [[r.DepthOfFieldQuality:1]]
[2019.12.15-00.51.56:042][  0]LogConfig: Setting CVar [[r.RenderTargetPoolMin:350]]
[2019.12.15-00.51.56:042][  0]LogConfig: Setting CVar [[r.LensFlareQuality:0]]
[2019.12.15-00.51.56:042][  0]LogConfig: Setting CVar [[r.SceneColorFringeQuality:0]]
[2019.12.15-00.51.56:042][  0]LogConfig: Setting CVar [[r.EyeAdaptationQuality:0]]
[2019.12.15-00.51.56:042][  0]LogConfig: Setting CVar [[r.BloomQuality:4]]
[2019.12.15-00.51.56:042][  0]LogConfig: Setting CVar [[r.FastBlurThreshold:2]]
[2019.12.15-00.51.56:042][  0]LogConfig: Setting CVar [[r.Upscale.Quality:2]]
[2019.12.15-00.51.56:042][  0]LogConfig: Setting CVar [[r.Tonemapper.GrainQuantization:0]]
[2019.12.15-00.51.56:042][  0]LogConfig: Setting CVar [[r.LightShaftQuality:0]]
[2019.12.15-00.51.56:042][  0]LogConfig: Setting CVar [[r.Filter.SizeScale:0.7]]
[2019.12.15-00.51.56:042][  0]LogConfig: Setting CVar [[r.Tonemapper.Quality:2]]
[2019.12.15-00.51.56:042][  0]LogConfig: Setting CVar [[r.DOF.Gather.AccumulatorQuality:0        ; lower gathering accumulator quality]]
[2019.12.15-00.51.56:042][  0]LogConfig: Setting CVar [[r.DOF.Gather.PostfilterMethod:2          ; Max3x3 postfilering method]]
[2019.12.15-00.51.56:043][  0]LogConfig: Setting CVar [[r.DOF.Gather.EnableBokehSettings:0       ; no bokeh simulation when gathering]]
[2019.12.15-00.51.56:043][  0]LogConfig: Setting CVar [[r.DOF.Gather.RingCount:3                 ; low number of samples when gathering]]
[2019.12.15-00.51.56:043][  0]LogConfig: Setting CVar [[r.DOF.Scatter.ForegroundCompositing:0    ; no foreground scattering]]
[2019.12.15-00.51.56:043][  0]LogConfig: Setting CVar [[r.DOF.Scatter.BackgroundCompositing:0    ; no foreground scattering]]
[2019.12.15-00.51.56:043][  0]LogConfig: Setting CVar [[r.DOF.Recombine.Quality:0                ; no slight out of focus]]
[2019.12.15-00.51.56:043][  0]LogConfig: Setting CVar [[r.DOF.TemporalAAQuality:0                ; faster temporal accumulation]]
[2019.12.15-00.51.56:043][  0]LogConfig: Setting CVar [[r.DOF.Kernel.MaxForegroundRadius:0.006   ; required because low gathering and no scattering and not looking great at 1080p]]
[2019.12.15-00.51.56:043][  0]LogConfig: Setting CVar [[r.DOF.Kernel.MaxBackgroundRadius:0.006   ; required because low gathering and no scattering and not looking great at 1080p]]
[2019.12.15-00.51.56:043][  0]LogConfig: Applying CVar settings from Section [TextureQuality@1] File [E:/Repo's/SlenderRedux/SlenderRemaster/Saved/Config/Windows/Scalability.ini]
[2019.12.15-00.51.56:043][  0]LogConfig: Setting CVar [[r.Streaming.MipBias:1]]
[2019.12.15-00.51.56:043][  0]LogConfig: Setting CVar [[r.Streaming.AmortizeCPUToGPUCopy:0]]
[2019.12.15-00.51.56:043][  0]LogConfig: Setting CVar [[r.Streaming.MaxNumTexturesToStreamPerFrame:0]]
[2019.12.15-00.51.56:043][  0]LogConfig: Setting CVar [[r.Streaming.Boost:1]]
[2019.12.15-00.51.56:043][  0]LogConfig: Setting CVar [[r.MaxAnisotropy:2]]
[2019.12.15-00.51.56:043][  0]LogConfig: Setting CVar [[r.Streaming.LimitPoolSizeToVRAM:1]]
[2019.12.15-00.51.56:043][  0]LogConfig: Setting CVar [[r.Streaming.PoolSize:600]]
[2019.12.15-00.51.56:043][  0]LogConfig: Setting CVar [[r.Streaming.MaxEffectiveScreenSize:0]]
[2019.12.15-00.51.56:043][  0]LogConfig: Applying CVar settings from Section [EffectsQuality@1] File [E:/Repo's/SlenderRedux/SlenderRemaster/Saved/Config/Windows/Scalability.ini]
[2019.12.15-00.51.56:043][  0]LogConfig: Setting CVar [[r.TranslucencyLightingVolumeDim:32]]
[2019.12.15-00.51.56:043][  0]LogConfig: Setting CVar [[r.RefractionQuality:0]]
[2019.12.15-00.51.56:043][  0]LogConfig: Setting CVar [[r.SSR.Quality:0]]
[2019.12.15-00.51.56:043][  0]LogConfig: Setting CVar [[r.SceneColorFormat:3]]
[2019.12.15-00.51.56:043][  0]LogConfig: Setting CVar [[r.DetailMode:1]]
[2019.12.15-00.51.56:043][  0]LogConfig: Setting CVar [[r.TranslucencyVolumeBlur:0]]
[2019.12.15-00.51.56:043][  0]LogConfig: Setting CVar [[r.MaterialQualityLevel:2 ; Medium quality]]
[2019.12.15-00.51.56:043][  0]LogConfig: Setting CVar [[r.SSS.Scale:0.75]]
[2019.12.15-00.51.56:043][  0]LogConfig: Setting CVar [[r.SSS.SampleSet:0]]
[2019.12.15-00.51.56:043][  0]LogConfig: Setting CVar [[r.SSS.Quality:0]]
[2019.12.15-00.51.56:043][  0]LogConfig: Setting CVar [[r.SSS.HalfRes:1]]
[2019.12.15-00.51.56:043][  0]LogConfig: Setting CVar [[r.EmitterSpawnRateScale:0.25]]
[2019.12.15-00.51.56:043][  0]LogConfig: Setting CVar [[r.ParticleLightQuality:0]]
[2019.12.15-00.51.56:043][  0]LogConfig: Applying CVar settings from Section [FoliageQuality@1] File [E:/Repo's/SlenderRedux/SlenderRemaster/Saved/Config/Windows/Scalability.ini]
[2019.12.15-00.51.56:043][  0]LogConfig: Setting CVar [[foliage.DensityScale:0.4]]
[2019.12.15-00.51.56:043][  0]LogConfig: Setting CVar [[grass.DensityScale:0.4]]
[2019.12.15-00.51.56:043][  0]LogConfig: Applying CVar settings from Section [Startup] File [../../../Engine/Config/ConsoleVariables.ini]
[2019.12.15-00.51.56:080][  0]LogConfig: Setting CVar [[net.UseAdaptiveNetUpdateFrequency:0]]
[2019.12.15-00.51.56:080][  0]LogConfig: Setting CVar [[p.chaos.AllowCreatePhysxBodies:1]]
[2019.12.15-00.51.56:080][  0]LogConfig: Applying CVar settings from Section [ConsoleVariables] File [E:/Repo's/SlenderRedux/SlenderRemaster/Saved/Config/Windows/Engine.ini]
[2019.12.15-00.51.56:081][  0]LogInit: Computer: DONODESK1
[2019.12.15-00.51.56:081][  0]LogInit: User: donov
[2019.12.15-00.51.56:081][  0]LogInit: CPU Page size=4096, Cores=4
[2019.12.15-00.51.56:081][  0]LogInit: High frequency timer resolution =10.000000 MHz
[2019.12.15-00.51.56:081][  0]LogMemory: Memory total: Physical=15.9GB (16GB approx)
[2019.12.15-00.51.56:081][  0]LogMemory: Platform Memory Stats for Windows
[2019.12.15-00.51.56:081][  0]LogMemory: Process Physical Memory: 102.10 MB used, 102.11 MB peak
[2019.12.15-00.51.56:081][  0]LogMemory: Process Virtual Memory: 100.66 MB used, 100.66 MB peak
[2019.12.15-00.51.56:081][  0]LogMemory: Physical Memory: 12934.08 MB used,  3373.79 MB free, 16307.88 MB total
[2019.12.15-00.51.56:081][  0]LogMemory: Virtual Memory: 4670.78 MB used,  134213056.00 MB free, 134217728.00 MB total
[2019.12.15-00.51.56:084][  0]LogWindows: WindowsPlatformFeatures enabled
[2019.12.15-00.51.57:015][  0]LogInit: Using OS detected language (en-US).
[2019.12.15-00.51.57:015][  0]LogInit: Using OS detected locale (en-US).
[2019.12.15-00.51.57:017][  0]LogTextLocalizationManager: No specific localization for 'en-US' exists, so the 'en' localization will be used.
[2019.12.15-00.51.58:537][  0]LogInit: Setting process to per monitor DPI aware
[2019.12.15-00.51.59:069][  0]LogSlate: New Slate User Created.  User Index 0, Is Virtual User: 0
[2019.12.15-00.51.59:069][  0]LogSlate: Slate User Registered.  User Index 0, Is Virtual User: 0
[2019.12.15-00.52.07:511][  0]LogHMD: Failed to initialize OpenVR with code 110
[2019.12.15-00.52.07:511][  0]LogD3D11RHI: D3D11 adapters:
[2019.12.15-00.52.07:611][  0]LogD3D11RHI:    0. 'NVIDIA GeForce RTX 2060' (Feature Level 11_0)
[2019.12.15-00.52.07:611][  0]LogD3D11RHI:       5980/0/8153 MB DedicatedVideo/DedicatedSystem/SharedSystem, Outputs:1, VendorId:0x10de
[2019.12.15-00.52.07:613][  0]LogD3D11RHI:    1. 'Microsoft Basic Render Driver' (Feature Level 11_0)
[2019.12.15-00.52.07:613][  0]LogD3D11RHI:       0/0/8153 MB DedicatedVideo/DedicatedSystem/SharedSystem, Outputs:0, VendorId:0x1414
[2019.12.15-00.52.07:613][  0]LogD3D11RHI: Chosen D3D11 Adapter: 0
[2019.12.15-00.52.07:754][  0]LogD3D11RHI: Creating new Direct3DDevice
[2019.12.15-00.52.07:754][  0]LogD3D11RHI:     GPU DeviceId: 0x1f08 (for the marketing name, search the web for "GPU Device Id")
[2019.12.15-00.52.07:755][  0]LogWindows: EnumDisplayDevices:
[2019.12.15-00.52.07:755][  0]LogWindows:    0. 'NVIDIA GeForce RTX 2060' (P:1 D:1)
[2019.12.15-00.52.07:755][  0]LogWindows:    1. 'NVIDIA GeForce RTX 2060' (P:0 D:0)
[2019.12.15-00.52.07:756][  0]LogWindows:    2. 'NVIDIA GeForce RTX 2060' (P:0 D:0)
[2019.12.15-00.52.07:756][  0]LogWindows:    3. 'NVIDIA GeForce RTX 2060' (P:0 D:0)
[2019.12.15-00.52.07:757][  0]LogWindows: DebugString: FoundDriverCount:4 
[2019.12.15-00.52.07:757][  0]LogD3D11RHI:     Adapter Name: NVIDIA GeForce RTX 2060
[2019.12.15-00.52.07:758][  0]LogD3D11RHI:   Driver Version: 441.20 (internal:26.21.14.4120, unified:441.20)
[2019.12.15-00.52.07:758][  0]LogD3D11RHI:      Driver Date: 11-6-2019
[2019.12.15-00.52.07:758][  0]LogRHI: Texture pool is 4186 MB (70% of 5980 MB)
[2019.12.15-00.52.07:842][  0]LogD3D11RHI: Async texture creation enabled
[2019.12.15-00.52.07:884][  0]LogD3D11RHI: GPU Timing Frequency: 1000.000000 (Debug: 2 2)
[2019.12.15-00.52.08:859][  0]LogTemp: Display: Module 'AllDesktopTargetPlatform' loaded TargetPlatform 'AllDesktop'
[2019.12.15-00.52.08:896][  0]LogTemp: Display: Module 'MacClientTargetPlatform' loaded TargetPlatform 'MacClient'
[2019.12.15-00.52.08:935][  0]LogTemp: Display: Module 'MacNoEditorTargetPlatform' loaded TargetPlatform 'MacNoEditor'
[2019.12.15-00.52.08:964][  0]LogTemp: Display: Module 'MacServerTargetPlatform' loaded TargetPlatform 'MacServer'
[2019.12.15-00.52.08:992][  0]LogTemp: Display: Module 'MacTargetPlatform' loaded TargetPlatform 'Mac'
[2019.12.15-00.52.09:017][  0]LogTemp: Display: Module 'WindowsClientTargetPlatform' loaded TargetPlatform 'WindowsClient'
[2019.12.15-00.52.09:086][  0]LogTemp: Display: Module 'WindowsNoEditorTargetPlatform' loaded TargetPlatform 'WindowsNoEditor'
[2019.12.15-00.52.09:133][  0]LogTemp: Display: Module 'WindowsServerTargetPlatform' loaded TargetPlatform 'WindowsServer'
[2019.12.15-00.52.09:166][  0]LogTemp: Display: Module 'WindowsTargetPlatform' loaded TargetPlatform 'Windows'
[2019.12.15-00.52.09:379][  0]LogTemp: Display: Module 'AndroidTargetPlatform' loaded TargetPlatform 'Android'
[2019.12.15-00.52.09:379][  0]LogTemp: Display: Module 'AndroidTargetPlatform' loaded TargetPlatform 'Android_ASTC'
[2019.12.15-00.52.09:379][  0]LogTemp: Display: Module 'AndroidTargetPlatform' loaded TargetPlatform 'Android_ATC'
[2019.12.15-00.52.09:380][  0]LogTemp: Display: Module 'AndroidTargetPlatform' loaded TargetPlatform 'Android_DXT'
[2019.12.15-00.52.09:380][  0]LogTemp: Display: Module 'AndroidTargetPlatform' loaded TargetPlatform 'Android_ETC1'
[2019.12.15-00.52.09:380][  0]LogTemp: Display: Module 'AndroidTargetPlatform' loaded TargetPlatform 'Android_ETC1a'
[2019.12.15-00.52.09:380][  0]LogTemp: Display: Module 'AndroidTargetPlatform' loaded TargetPlatform 'Android_ETC2'
[2019.12.15-00.52.09:380][  0]LogTemp: Display: Module 'AndroidTargetPlatform' loaded TargetPlatform 'Android_PVRTC'
[2019.12.15-00.52.09:380][  0]LogTemp: Display: Module 'AndroidTargetPlatform' loaded TargetPlatform 'AndroidClient'
[2019.12.15-00.52.09:380][  0]LogTemp: Display: Module 'AndroidTargetPlatform' loaded TargetPlatform 'Android_ASTCClient'
[2019.12.15-00.52.09:380][  0]LogTemp: Display: Module 'AndroidTargetPlatform' loaded TargetPlatform 'Android_ATCClient'
[2019.12.15-00.52.09:380][  0]LogTemp: Display: Module 'AndroidTargetPlatform' loaded TargetPlatform 'Android_DXTClient'
[2019.12.15-00.52.09:380][  0]LogTemp: Display: Module 'AndroidTargetPlatform' loaded TargetPlatform 'Android_ETC1Client'
[2019.12.15-00.52.09:380][  0]LogTemp: Display: Module 'AndroidTargetPlatform' loaded TargetPlatform 'Android_ETC1aClient'
[2019.12.15-00.52.09:380][  0]LogTemp: Display: Module 'AndroidTargetPlatform' loaded TargetPlatform 'Android_ETC2Client'
[2019.12.15-00.52.09:380][  0]LogTemp: Display: Module 'AndroidTargetPlatform' loaded TargetPlatform 'Android_PVRTCClient'
[2019.12.15-00.52.09:380][  0]LogTemp: Display: Module 'AndroidTargetPlatform' loaded TargetPlatform 'Android_Multi'
[2019.12.15-00.52.09:380][  0]LogTemp: Display: Module 'AndroidTargetPlatform' loaded TargetPlatform 'Android_MultiClient'
[2019.12.15-00.52.09:430][  0]LogTemp: Display: Module 'HTML5TargetPlatform' loaded TargetPlatform 'HTML5'
[2019.12.15-00.52.09:739][  0]LogTemp: Display: Module 'IOSTargetPlatform' loaded TargetPlatform 'IOSClient'
[2019.12.15-00.52.09:739][  0]LogTemp: Display: Module 'IOSTargetPlatform' loaded TargetPlatform 'IOS'
[2019.12.15-00.52.09:789][  0]LogTemp: Display: Module 'TVOSTargetPlatform' loaded TargetPlatform 'TVOSClient'
[2019.12.15-00.52.09:789][  0]LogTemp: Display: Module 'TVOSTargetPlatform' loaded TargetPlatform 'TVOS'
[2019.12.15-00.52.09:848][  0]LogTemp: Display: Module 'LinuxClientTargetPlatform' loaded TargetPlatform 'LinuxClient'
[2019.12.15-00.52.09:981][  0]LogTemp: Display: Module 'LinuxNoEditorTargetPlatform' loaded TargetPlatform 'LinuxNoEditor'
[2019.12.15-00.52.10:063][  0]LogTemp: Display: Module 'LinuxServerTargetPlatform' loaded TargetPlatform 'LinuxServer'
[2019.12.15-00.52.10:162][  0]LogTemp: Display: Module 'LinuxTargetPlatform' loaded TargetPlatform 'Linux'
[2019.12.15-00.52.10:511][  0]LogTemp: Display: Module 'LuminTargetPlatform' loaded TargetPlatform 'Lumin'
[2019.12.15-00.52.10:511][  0]LogTemp: Display: Module 'LuminTargetPlatform' loaded TargetPlatform 'LuminClient'
[2019.12.15-00.52.10:511][  0]LogTargetPlatformManager: Display: Building Assets For Windows
[2019.12.15-00.52.10:615][  0]LogAudioDebug: Display: Lib vorbis DLL was dynamically loaded.
[2019.12.15-00.52.11:148][  0]LogShaderCompilers: Guid format shader working directory is -5 characters bigger than the processId version (../../../../../Repo's/SlenderRedux/SlenderRemaster/Intermediate/Shaders/WorkingDirectory/16140/).
[2019.12.15-00.52.11:149][  0]LogShaderCompilers: Cleaned the shader compiler working directory 'C:/Users/donov/AppData/Local/Temp/UnrealShaderWorkingDir/3B6713644F373A8478A9FBB970A6A796/'.
[2019.12.15-00.52.11:172][  0]LogXGEController: Cleaning working directory: C:/Users/donov/AppData/Local/Temp/UnrealXGEWorkingDir/
[2019.12.15-00.52.11:174][  0]LogShaderCompilers: Display: Using XGE Shader Compiler (Interception Interface).
[2019.12.15-00.52.20:219][  0]LogDerivedDataCache: Display: Max Cache Size: 512 MB
[2019.12.15-00.52.20:632][  0]LogDerivedDataCache: Loaded boot cache 0.41s 93MB C:/Users/donov/AppData/Local/UnrealEngine/4.23/DerivedDataCache/Boot.ddc.
[2019.12.15-00.52.20:633][  0]LogDerivedDataCache: Display: Loaded Boot cache: C:/Users/donov/AppData/Local/UnrealEngine/4.23/DerivedDataCache/Boot.ddc
[2019.12.15-00.52.20:633][  0]LogDerivedDataCache: FDerivedDataBackendGraph:  Pak pak cache file ../../../../../Repo's/SlenderRedux/SlenderRemaster/DerivedDataCache/DDC.ddp not found, will not use a pak cache.
[2019.12.15-00.52.20:633][  0]LogDerivedDataCache: Unable to find inner node Pak for hierarchical cache Hierarchy.
[2019.12.15-00.52.20:633][  0]LogDerivedDataCache: FDerivedDataBackendGraph:  CompressedPak pak cache file ../../../../../Repo's/SlenderRedux/SlenderRemaster/DerivedDataCache/Compressed.ddp not found, will not use a pak cache.
[2019.12.15-00.52.20:633][  0]LogDerivedDataCache: Unable to find inner node CompressedPak for hierarchical cache Hierarchy.
[2019.12.15-00.52.20:669][  0]LogDerivedDataCache: Display: Pak cache opened for reading ../../../Engine/DerivedDataCache/Compressed.ddp.
[2019.12.15-00.52.20:671][  0]LogDerivedDataCache: Display: Pak cache opened for reading ../../../Enterprise/DerivedDataCache/Compressed.ddp.
[2019.12.15-00.52.20:673][  0]LogDerivedDataCache: Using Local data cache path C:/Users/donov/AppData/Local/UnrealEngine/Common/DerivedDataCache: Writable
[2019.12.15-00.52.20:673][  0]LogDerivedDataCache: Shared data cache path not found in *engine.ini, will not use an Shared cache.
[2019.12.15-00.52.20:673][  0]LogDerivedDataCache: Unable to find inner node Shared for hierarchical cache Hierarchy.
[2019.12.15-00.52.20:704][  0]LogMaterial: Verifying Global Shaders for PCD3D_SM5
[2019.12.15-00.52.20:707][  0]LogSlate: Using FreeType 2.6.0
[2019.12.15-00.52.20:739][  0]LogSlate: SlateFontServices - WITH_FREETYPE: 1, WITH_HARFBUZZ: 1
[2019.12.15-00.52.22:615][  0]LogAssetRegistry: FAssetRegistry took 0.0026 seconds to start up
[2019.12.15-00.52.23:026][  0]LogInit: Selected Device Profile: [Windows]
[2019.12.15-00.52.24:842][  0]LogMeshReduction: Using QuadricMeshReduction for automatic static mesh reduction
[2019.12.15-00.52.24:842][  0]LogMeshReduction: Using SimplygonMeshReduction for automatic skeletal mesh reduction
[2019.12.15-00.52.24:842][  0]LogMeshReduction: Using ProxyLODMeshReduction for automatic mesh merging
[2019.12.15-00.52.24:842][  0]LogMeshReduction: No distributed automatic mesh merging module available
[2019.12.15-00.52.24:842][  0]LogMeshMerging: No distributed automatic mesh merging module available
[2019.12.15-00.52.25:074][  0]LogNetVersion: SlenderRemaster 1.0.0, NetCL: 8386587, EngineNetVer: 11, GameNetVer: 0 (Checksum: 1062190811)
[2019.12.15-00.52.28:401][  0]LogPackageLocalizationCache: Processed 14 localized package path(s) for 1 prioritized culture(s) in 0.094598 seconds
[2019.12.15-00.52.28:408][  0]LogUObjectArray: 43444 objects as part of root set at end of initial load.
[2019.12.15-00.52.28:408][  0]LogUObjectAllocator: 7548648 out of 0 bytes used by permanent object pool.
[2019.12.15-00.52.28:408][  0]LogUObjectArray: CloseDisregardForGC: 0/0 objects in disregard for GC pool
[2019.12.15-00.53.01:335][  0]LogTcpMessaging: Initializing TcpMessaging bridge
[2019.12.15-00.53.01:385][  0]LogUdpMessaging: Initializing bridge on interface 0.0.0.0:0 to multicast group 230.0.0.1:6666.
[2019.12.15-00.53.02:689][  0]SourceControl: Source control is disabled
[2019.12.15-00.53.02:689][  0]SourceControl: Source control is disabled
[2019.12.15-00.53.02:755][  0]SourceControl: Source control is disabled
[2019.12.15-00.53.02:835][  0]SourceControl: Source control is disabled
[2019.12.15-00.53.04:817][  0]LogAndroidPermission: UAndroidPermissionCallbackProxy::GetInstance
[2019.12.15-00.53.05:658][  0]LogHoudiniEngine: Starting the Houdini Engine module.
[2019.12.15-00.53.05:782][  0]LogHoudiniEngine: Loaded libHAPIL.dll from expected installation C:\Program Files\Side Effects Software\Houdini 17.5.391\bin
[2019.12.15-00.53.05:804][  0]LogLinker: Warning: Asset '../../Plugins/Runtime/HoudiniEngine/Content/houdini_logo.uasset' has been saved with empty engine version. The asset will be loaded but may be incompatible.
[2019.12.15-00.53.05:844][  0]LogLinker: Warning: Asset '../../Plugins/Runtime/HoudiniEngine/Content/houdini_default_material.uasset' has been saved with empty engine version. The asset will be loaded but may be incompatible.
[2019.12.15-00.53.05:878][  0]LogLinker: Warning: Asset '../../Plugins/Runtime/HoudiniEngine/Content/houdini_bgeo_import.uasset' has been saved with empty engine version. The asset will be loaded but may be incompatible.
[2019.12.15-00.53.05:957][  0]LogOcInput: OculusInput pre-init called
[2019.12.15-00.53.06:027][  0]LogWindows: Failed to load 'OVRPlugin.dll' (GetLastError=126)
[2019.12.15-00.53.06:027][  0]LogWindows: File 'OVRPlugin.dll' does not exist
[2019.12.15-00.53.06:525][  0]LogPython: Python Scripts search path: ../../../../../Repo's/SlenderRedux/SlenderRemaster/Content/Scripts
[2019.12.15-00.53.06:525][  0]LogPython: Python Scripts search path: ../../../Engine/Plugins/UnrealEnginePython
[2019.12.15-00.53.06:525][  0]LogPython: Python VM initialized: 3.6.2 (v3.6.2:5fd33b5, Jul  8 2017, 04:57:36) [MSC v.1900 64 bit (AMD64)]
[2019.12.15-00.53.09:742][  0]LogPython: ####################----------Python Integration for Megascans Initialized----------####################
[2019.12.15-00.53.09:742][  0]LogPython: 

[2019.12.15-00.53.09:742][  0]LogPython: E:\UE_4\UE_4.23\Engine\Plugins\UnrealEnginePython\
[2019.12.15-00.53.09:742][  0]LogPython: 

[2019.12.15-00.53.12:278][  0]LogPython: Megascans Integration - LiveLink Initialized...
[2019.12.15-00.53.12:278][  0]LogPython: 

[2019.12.15-00.53.12:298][  0]LogPython: ue_site Python module successfully imported
[2019.12.15-00.53.13:026][  0]LogEngine: Initializing Engine...
[2019.12.15-00.53.13:027][  0]LogHMD: Failed to initialize OpenVR with code 110
[2019.12.15-00.53.13:089][  0]LogStats: UGameplayTagsManager::InitializeManager -  0.038 s
[2019.12.15-00.53.13:462][  0]LogInit: Initializing FReadOnlyCVARCache
[2019.12.15-00.53.13:603][  0]LogAIModule: Creating AISystem for world Untitled
[2019.12.15-00.53.13:665][  0]LogInit: XAudio2 using 'Speakers (4- USB Audio Device)' : 2 channels at 48 kHz using 16 bits per sample (channel mask 0x3)
[2019.12.15-00.53.13:685][  0]LogInit: FAudioDevice initialized.
[2019.12.15-00.53.13:685][  0]LogNetVersion: Set ProjectVersion to 1.0.0.0. Version Checksum will be recalculated on next use.
[2019.12.15-00.53.13:839][  0]LogDerivedDataCache: Saved boot cache 0.15s 93MB C:/Users/donov/AppData/Local/UnrealEngine/4.23/DerivedDataCache/Boot.ddc.
[2019.12.15-00.53.13:849][  0]LogInit: Texture streaming: Enabled
[2019.12.15-00.53.15:026][  0]LogEngineSessionManager: EngineSessionManager initialized
[2019.12.15-00.53.15:026][  0]LogEditorSessionSummary: Verbose: Initializing EditorSessionSummaryWriter for editor session tracking
[2019.12.15-00.53.15:027][  0]LogEditorSessionSummary: EditorSessionSummaryWriter initialized
[2019.12.15-00.53.15:766][  0]LogInit: Transaction tracking system initialized
[2019.12.15-00.53.16:407][  0]BlueprintLog: New page: Editor Load
[2019.12.15-00.53.17:111][  0]LocalizationService: Localization service is disabled
[2019.12.15-00.53.19:480][  0]LogFileCache: Scanning file cache for directory 'E:/Repo's/SlenderRedux/SlenderRemaster/Content/' took 0.00s
[2019.12.15-00.53.19:480][  0]LogCook: Display: Max memory allowance for cook 16384mb min free memory 0mb
[2019.12.15-00.53.19:480][  0]LogCook: Display: Mobile HDR setting 1
[2019.12.15-00.53.20:821][  0]LogHoudiniEngineEditor: Starting the Houdini Engine Editor module.
[2019.12.15-00.53.20:873][  0]LogHoudiniEngineEditor: Houdini Engine Editor module startup complete.
[2019.12.15-00.53.21:515][  0]SourceControl: Source control is disabled
[2019.12.15-00.53.21:515][  0]Cmd: MAP LOAD FILE="../../../../../Repo's/SlenderRedux/SlenderRemaster/Content/StarterContent/Maps/Minimal_Default.umap" TEMPLATE=0 SHOWPROGRESS=1 FEATURELEVEL=3
[2019.12.15-00.53.21:516][  0]LightingResults: New page: Lighting Build
[2019.12.15-00.53.21:534][  0]LogWorld: UWorld::CleanupWorld for Untitled, bSessionEnded=true, bCleanupResources=true
[2019.12.15-00.53.21:534][  0]MapCheck: New page: Map Check
[2019.12.15-00.53.21:534][  0]LightingResults: New page: Lighting Build
[2019.12.15-00.53.21:620][  0]LogUObjectHash: Compacting FUObjectHashTables data took   2.04ms
[2019.12.15-00.53.22:382][  0]LogStaticMesh: Building static mesh Floor_400x400...
[2019.12.15-00.53.22:460][  0]LogStaticMesh: Built static mesh [0.10s] /Game/StarterContent/Architecture/Floor_400x400.Floor_400x400
[2019.12.15-00.53.22:657][  0]LogAIModule: Creating AISystem for world Minimal_Default
[2019.12.15-00.53.22:816][  0]LogEditorServer: Finished looking for orphan Actors (0.000 secs)
[2019.12.15-00.53.22:852][  0]LogUObjectHash: Compacting FUObjectHashTables data took   2.57ms
[2019.12.15-00.53.22:852][  0]Cmd: MAP CHECKDEP NOCLEARLOG
[2019.12.15-00.53.22:852][  0]MapCheck: Map check complete: 0 Error(s), 0 Warning(s), took 0.121ms to complete.
[2019.12.15-00.53.22:852][  0]LogFileHelpers: Loading map 'Minimal_Default' took 1.336
[2019.12.15-00.53.23:256][  0]LogSlate: Took 0.019199 seconds to synchronously load lazily loaded font '../../../Engine/Content/Slate/Fonts/Roboto-Regular.ttf' (155K)
[2019.12.15-00.53.24:073][  0]LogSlate: Updating window title bar state: overlay mode, drag disabled, window buttons hidden, title bar hidden
[2019.12.15-00.53.24:081][  0]LogSlate: Updating window title bar state: overlay mode, drag disabled, window buttons hidden, title bar hidden
[2019.12.15-00.53.24:089][  0]LogSlate: Updating window title bar state: overlay mode, drag disabled, window buttons hidden, title bar hidden
[2019.12.15-00.53.24:097][  0]LogSlate: Updating window title bar state: overlay mode, drag disabled, window buttons hidden, title bar hidden
[2019.12.15-00.53.24:263][  0]LogCollectionManager: Loaded 0 collections in 0.001176 seconds
[2019.12.15-00.53.24:355][  0]LogFileCache: Scanning file cache for directory 'E:/Repo's/SlenderRedux/SlenderRemaster/Saved/Collections/' took 0.00s
[2019.12.15-00.53.24:356][  0]LogFileCache: Scanning file cache for directory 'E:/Repo's/SlenderRedux/SlenderRemaster/Content/Developers/donov/Collections/' took 0.00s
[2019.12.15-00.53.24:356][  0]LogFileCache: Scanning file cache for directory 'E:/Repo's/SlenderRedux/SlenderRemaster/Content/Collections/' took 0.00s
[2019.12.15-00.53.24:356][  0]LogCollectionManager: Rebuilt the GUID cache for 0 collections in 0.000001 seconds
[2019.12.15-00.53.24:367][  0]LogContentBrowser: Native class hierarchy populated in 0.0114 seconds. Added 2919 classes and 694 folders.
[2019.12.15-00.53.24:446][  0]LogContentBrowser: Native class hierarchy updated for 'WidgetCarousel' in 0.0004 seconds. Added 0 classes and 0 folders.
[2019.12.15-00.53.25:943][  0]LogContentBrowser: Native class hierarchy updated for 'AddContentDialog' in 0.0003 seconds. Added 0 classes and 0 folders.
[2019.12.15-00.53.25:986][  0]LogContentBrowser: Native class hierarchy updated for 'SceneOutliner' in 0.0004 seconds. Added 1 classes and 2 folders.
[2019.12.15-00.53.26:078][  0]LogContentBrowser: Native class hierarchy updated for 'WorldBrowser' in 0.0004 seconds. Added 2 classes and 3 folders.
[2019.12.15-00.53.30:421][  0]LogSlate: Only BGRA pngs, bmps or icos are supported in by External Image Picker
[2019.12.15-00.53.30:771][  0]LogHoudiniEngine: Error: Hapi failed: 
[2019.12.15-00.53.30:908][  0]LogSlate: Took 0.017904 seconds to synchronously load lazily loaded font '../../../Engine/Content/Slate/Fonts/Roboto-Bold.ttf' (160K)
[2019.12.15-00.53.31:016][  0]LogSlate: Took 0.014923 seconds to synchronously load lazily loaded font '../../../Engine/Content/Editor/Slate/Fonts/FontAwesome.ttf' (139K)
[2019.12.15-00.53.31:236][  0]LogRenderer: Reallocating scene render targets to support 1100x576 Format 9 NumSamples 1 (Frame:1).
[2019.12.15-00.53.31:529][  0]LogContentBrowser: Native class hierarchy updated for 'HierarchicalLODOutliner' in 0.0004 seconds. Added 0 classes and 0 folders.
[2019.12.15-00.53.31:529][  0]LogLoad: (Engine Initialization) Total time: 123.57 seconds
[2019.12.15-00.53.31:529][  0]LogLoad: (Engine Initialization) Total Blueprint compile time: 0.00 seconds
[2019.12.15-00.53.32:191][  0]LogContentStreaming: Texture pool size now 600 MB
[2019.12.15-00.53.32:457][  0]LogSlate: Took 0.194985 seconds to synchronously load lazily loaded font '../../../Engine/Content/Slate/Fonts/Roboto-Light.ttf' (167K)
[2019.12.15-00.53.32:494][  0]LogSlate: Took 0.000222 seconds to synchronously load lazily loaded font '../../../Engine/Content/Slate/Fonts/Roboto-Light.ttf' (167K)
[2019.12.15-00.53.32:615][  1]LogAssetRegistry: Asset discovery search completed in 70.0008 seconds
[2019.12.15-00.53.32:670][  1]LogCollectionManager: Rebuilt the object cache for 0 collections in 0.052537 seconds (found 0 objects)
[2019.12.15-00.53.32:671][  1]LogCollectionManager: Fixed up redirectors for 0 collections in 0.052652 seconds (updated 0 objects)
[2019.12.15-00.53.33:032][  4]LogPython: tcp server spawned on 127.0.0.1:13428
[2019.12.15-00.54.31:542][476]LogEditorSessionSummary: EditorSessionSummary sent report. Type=Shutdown, SessionId={BDFBD57E-4902-81C3-1BBB-F58F05E314DC}
[2019.12.15-00.56.58:869][157]LogSlate: FSceneViewport::OnFocusLost() reason 0
[2019.12.15-00.57.02:042][510]LogEditorViewport: Clicking on Actor (LMB): StaticMeshActor (Cube)
[2019.12.15-00.57.05:341][823]Cmd: DELETE
[2019.12.15-00.57.05:341][823]Cmd: ACTOR DELETE
[2019.12.15-00.57.05:457][823]LogEditorActor: Deleted Actor: StaticMeshActor
[2019.12.15-00.57.05:505][823]LogUObjectHash: Compacting FUObjectHashTables data took   0.92ms
[2019.12.15-00.57.05:506][823]LogEditorActor: Deleted 1 Actors (0.091 secs)
[2019.12.15-00.57.10:088][362]LogSlate: FSceneViewport::OnFocusLost() reason 0
[2019.12.15-00.57.33:643][873]LogSlate: Window 'Source Control Login' being destroyed
[2019.12.15-00.57.37:798][332]LogUObjectHash: Compacting FUObjectHashTables data took   0.67ms
[2019.12.15-00.57.38:014][332]LogSavePackage: Moving '../../../../../Repo's/SlenderRedux/SlenderRemaster/Saved/Minimal_Default78EB47AC4A4B1F3F62E8C9AE42A1AF3B.tmp' to '../../../../../Repo's/SlenderRedux/SlenderRemaster/Content/StarterContent/Maps/Minimal_Default.umap'
[2019.12.15-00.57.38:058][332]LogFileHelpers: Saving map 'Minimal_Default' took 0.295
[2019.12.15-00.57.40:252][574]SourceControl: fatal: E:/UE_4/UE_4.23/Engine/Content: 'E:/UE_4/UE_4.23/Engine/Content' is outside repository
[2019.12.15-00.57.40:407][574]LogPackageName: Error: Illegal call to DoesPackageExist: '../../../../../Repo's/SlenderRedux/SlenderRemaster/SlenderRemaster.uproject' is not a standard unreal filename or a long path name. Reason: Path should start with a '/'
[2019.12.15-00.57.40:419][574]LogOutputDevice: Warning: 

Script Stack (0 frames):

[2019.12.15-00.57.41:849][574]LogStats: FPlatformStackWalk::StackWalkAndDump -  1.430 s
[2019.12.15-00.57.41:849][574]LogOutputDevice: Error: === Handled ensure: ===
[2019.12.15-00.57.41:849][574]LogOutputDevice: Error: 
[2019.12.15-00.57.41:849][574]LogOutputDevice: Error: Ensure condition failed: false [File:D:/Build/++UE4/Sync/Engine/Source/Runtime/CoreUObject/Private/Misc/PackageName.cpp] [Line: 849]
[2019.12.15-00.57.41:849][574]LogOutputDevice: Error: Illegal call to DoesPackageExist: '../../../../../Repo's/SlenderRedux/SlenderRemaster/SlenderRemaster.uproject' is not a standard unreal filename or a long path name. Reason: Path should start with a '/'
[2019.12.15-00.57.41:849][574]LogOutputDevice: Error: Stack: 
[2019.12.15-00.57.41:849][574]LogOutputDevice: Error: [Callstack] 0x00007ff9847d67c7 UE4Editor-CoreUObject.dll!UnknownFunction []
[2019.12.15-00.57.41:849][574]LogOutputDevice: Error: [Callstack] 0x00007ff98443d51b UE4Editor-CoreUObject.dll!UnknownFunction []
[2019.12.15-00.57.41:849][574]LogOutputDevice: Error: [Callstack] 0x00007ff9795362e5 UE4Editor-SourceControl.dll!UnknownFunction []
[2019.12.15-00.57.41:849][574]LogOutputDevice: Error: [Callstack] 0x00007ff97953643c UE4Editor-SourceControl.dll!UnknownFunction []
[2019.12.15-00.57.41:849][574]LogOutputDevice: Error: [Callstack] 0x00007ff97781e605 UE4Editor-SourceControlWindows.dll!UnknownFunction []
[2019.12.15-00.57.41:849][574]LogOutputDevice: Error: [Callstack] 0x00007ff9777d99dd UE4Editor-SourceControlWindows.dll!UnknownFunction []
[2019.12.15-00.57.41:849][574]LogOutputDevice: Error: [Callstack] 0x00007ff9777d922a UE4Editor-SourceControlWindows.dll!UnknownFunction []
[2019.12.15-00.57.41:849][574]LogOutputDevice: Error: [Callstack] 0x00007ff9777f0246 UE4Editor-SourceControlWindows.dll!UnknownFunction []
[2019.12.15-00.57.41:849][574]LogOutputDevice: Error: [Callstack] 0x00007ff964d0b363 UE4Editor-GitSourceControl.dll!UnknownFunction []
[2019.12.15-00.57.41:849][574]LogOutputDevice: Error: [Callstack] 0x00007ff964d0fe01 UE4Editor-GitSourceControl.dll!UnknownFunction []
[2019.12.15-00.57.41:849][574]LogOutputDevice: Error: [Callstack] 0x00007ff97953ae09 UE4Editor-SourceControl.dll!UnknownFunction []
[2019.12.15-00.57.41:849][574]LogOutputDevice: Error: [Callstack] 0x00007ff982b1e85d UE4Editor-UnrealEd.dll!UnknownFunction []
[2019.12.15-00.57.41:849][574]LogOutputDevice: Error: [Callstack] 0x00007ff983375296 UE4Editor-UnrealEd.dll!UnknownFunction []
[2019.12.15-00.57.41:849][574]LogOutputDevice: Error: [Callstack] 0x00007ff7908b7b0a UE4Editor.exe!UnknownFunction []
[2019.12.15-00.57.41:849][574]LogOutputDevice: Error: [Callstack] 0x00007ff7908ca91c UE4Editor.exe!UnknownFunction []
[2019.12.15-00.57.41:849][574]LogOutputDevice: Error: [Callstack] 0x00007ff7908ca9fa UE4Editor.exe!UnknownFunction []
[2019.12.15-00.57.41:849][574]LogOutputDevice: Error: [Callstack] 0x00007ff7908db92c UE4Editor.exe!UnknownFunction []
[2019.12.15-00.57.41:849][574]LogOutputDevice: Error: [Callstack] 0x00007ff7908de60e UE4Editor.exe!UnknownFunction []
[2019.12.15-00.57.41:849][574]LogOutputDevice: Error: [Callstack] 0x00007ff9e6f16fd4 KERNEL32.DLL!UnknownFunction []
[2019.12.15-00.57.41:850][574]LogOutputDevice: Error: [Callstack] 0x00007ff9e775b1f1 ntdll.dll!UnknownFunction []
[2019.12.15-00.57.41:850][574]LogOutputDevice: Error: 
[2019.12.15-00.57.41:882][574]LogStats:                SubmitErrorReport -  0.000 s
[2019.12.15-00.57.47:396][574]LogStats:                    SendNewReport -  5.513 s
[2019.12.15-00.57.47:396][574]LogStats:             FDebug::EnsureFailed -  6.977 s
[2019.12.15-00.57.55:932][574]LogSlate: Window 'Submit Files' being destroyed
[2019.12.15-00.57.58:250][574]LogSourceControl: commit successful: [master ef57ec2] idk
[2019.12.15-00.57.58:370][574]SourceControl: [master ef57ec2] idk
[2019.12.15-00.57.58:370][574]SourceControl:  2 files changed, 12 insertions(+)
[2019.12.15-00.57.58:370][574]SourceControl:  create mode 100644 Content/StarterContent/Maps/Minimal_Default.umap
[2019.12.15-00.57.58:370][574]SourceControl:  create mode 100644 SlenderRemaster.uproject
[2019.12.15-00.57.58:375][574]SourceControl: Commited [master ef57ec2] idk.
[2019.12.15-01.04.57:342][735]Cmd: CLOSE_SLATE_MAINFRAME
[2019.12.15-01.04.57:364][735]LogUObjectHash: Compacting FUObjectHashTables data took   2.32ms
[2019.12.15-01.04.57:467][735]LogSlate: Window 'SlenderRemaster - Unreal Editor' being destroyed
[2019.12.15-01.04.59:019][735]LogDirectoryWatcher: A directory notification for '../../../Engine/Plugins/' was aborted.
[2019.12.15-01.04.59:019][735]LogDirectoryWatcher: A directory notification for 'E:/UE_4/UE_4.23/Enterprise/Plugins/' was aborted.
[2019.12.15-01.04.59:028][736]Cmd: QUIT_EDITOR
[2019.12.15-01.04.59:454][736]LogWindowsTextInputMethodSystem: Display: IME system now deactivated.
[2019.12.15-01.04.59:471][736]LogExit: Preparing to exit.
[2019.12.15-01.05.00:468][736]LogWorld: UWorld::CleanupWorld for World_0, bSessionEnded=true, bCleanupResources=true
[2019.12.15-01.05.00:802][736]LogDemo: Cleaned up 0 splitscreen connections with owner deletion
[2019.12.15-01.05.00:851][736]LogWorld: UWorld::CleanupWorld for None, bSessionEnded=true, bCleanupResources=true
[2019.12.15-01.05.00:851][736]LogExit: Editor shut down
[2019.12.15-01.05.00:851][736]LogExit: Transaction tracking system shut down
[2019.12.15-01.05.01:776][736]LogExit: Object subsystem successfully closed.
[2019.12.15-01.05.01:800][736]LogShaderCompilers: Display: Shaders left to compile 0
[2019.12.15-01.05.02:446][736]LogModuleManager: Shutting down and abandoning module HierarchicalLODOutliner (684)
[2019.12.15-01.05.02:446][736]LogModuleManager: Shutting down and abandoning module ExternalImagePicker (682)
[2019.12.15-01.05.02:446][736]LogModuleManager: Shutting down and abandoning module WorldBrowser (680)
[2019.12.15-01.05.02:477][736]LogModuleManager: Shutting down and abandoning module SceneOutliner (678)
[2019.12.15-01.05.02:477][736]LogModuleManager: Shutting down and abandoning module AddContentDialog (676)
[2019.12.15-01.05.02:477][736]LogModuleManager: Shutting down and abandoning module WidgetCarousel (675)
[2019.12.15-01.05.02:477][736]LogModuleManager: Shutting down and abandoning module EditorWidgets (672)
[2019.12.15-01.05.02:477][736]LogModuleManager: Shutting down and abandoning module CollectionManager (670)
[2019.12.15-01.05.02:496][736]LogModuleManager: Shutting down and abandoning module MeshBuilder (668)
[2019.12.15-01.05.02:496][736]LogModuleManager: Shutting down and abandoning module StatsViewer (666)
[2019.12.15-01.05.02:496][736]LogModuleManager: Shutting down and abandoning module VirtualTexturingEditor (664)
[2019.12.15-01.05.02:496][736]LogModuleManager: Shutting down and abandoning module FoliageEdit (662)
[2019.12.15-01.05.02:497][736]LogModuleManager: Shutting down and abandoning module LandscapeEditor (660)
[2019.12.15-01.05.02:568][736]LogModuleManager: Shutting down and abandoning module MeshPaintMode (658)
[2019.12.15-01.05.02:568][736]LogModuleManager: Shutting down and abandoning module SceneDepthPickerMode (656)
[2019.12.15-01.05.02:568][736]LogModuleManager: Shutting down and abandoning module ActorPickerMode (654)
[2019.12.15-01.05.02:568][736]LogModuleManager: Shutting down and abandoning module GeometryMode (652)
[2019.12.15-01.05.02:635][736]LogModuleManager: Shutting down and abandoning module TextureAlignMode (650)
[2019.12.15-01.05.02:635][736]LogModuleManager: Shutting down and abandoning module BspMode (648)
[2019.12.15-01.05.02:635][736]LogModuleManager: Shutting down and abandoning module PIEPreviewDeviceProfileSelector (646)
[2019.12.15-01.05.02:635][736]LogModuleManager: Shutting down and abandoning module SequenceRecorderSections (644)
[2019.12.15-01.05.02:646][736]LogModuleManager: Shutting down and abandoning module AutomationWorker (642)
[2019.12.15-01.05.02:646][736]LogModuleManager: Shutting down and abandoning module OculusMR (640)
[2019.12.15-01.05.02:646][736]LogModuleManager: Shutting down and abandoning module HoudiniEngineEditor (638)
[2019.12.15-01.05.02:646][736]LogHoudiniEngineEditor: Shutting down the Houdini Engine Editor module.
[2019.12.15-01.05.02:647][736]LogHoudiniEngineEditor: Houdini Engine Editor module shutdown complete.
[2019.12.15-01.05.02:647][736]LogModuleManager: Shutting down and abandoning module AudioCaptureEditor (636)
[2019.12.15-01.05.02:647][736]LogModuleManager: Shutting down and abandoning module MatineeToLevelSequence (634)
[2019.12.15-01.05.02:671][736]LogModuleManager: Shutting down and abandoning module LevelSequenceEditor (632)
[2019.12.15-01.05.02:751][736]LogModuleManager: Shutting down and abandoning module PlacementMode (631)
[2019.12.15-01.05.02:751][736]LogModuleManager: Shutting down and abandoning module MaterialEditor (630)
[2019.12.15-01.05.02:751][736]LogModuleManager: Shutting down and abandoning module ActorSequenceEditor (626)
[2019.12.15-01.05.02:781][736]LogModuleManager: Shutting down and abandoning module WmfMediaFactory (624)
[2019.12.15-01.05.02:781][736]LogModuleManager: Shutting down and abandoning module WmfMediaEditor (622)
[2019.12.15-01.05.02:781][736]LogModuleManager: Shutting down and abandoning module WebMMediaFactory (620)
[2019.12.15-01.05.02:781][736]LogModuleManager: Shutting down and abandoning module WebMMediaEditor (618)
[2019.12.15-01.05.02:781][736]LogModuleManager: Shutting down and abandoning module WebMMedia (616)
[2019.12.15-01.05.02:781][736]LogModuleManager: Shutting down and abandoning module MediaPlayerEditor (614)
[2019.12.15-01.05.02:860][736]LogModuleManager: Shutting down and abandoning module MediaCompositingEditor (612)
[2019.12.15-01.05.02:875][736]LogModuleManager: Shutting down and abandoning module SequenceRecorder (611)
[2019.12.15-01.05.02:875][736]LogModuleManager: Shutting down and abandoning module OpenExrWrapper (608)
[2019.12.15-01.05.02:875][736]LogModuleManager: Shutting down and abandoning module ImgMediaFactory (606)
[2019.12.15-01.05.02:875][736]LogModuleManager: Shutting down and abandoning module ImgMediaEditor (604)
[2019.12.15-01.05.02:875][736]LogModuleManager: Shutting down and abandoning module AvfMediaFactory (602)
[2019.12.15-01.05.02:875][736]LogModuleManager: Shutting down and abandoning module AvfMediaEditor (600)
[2019.12.15-01.05.02:875][736]LogModuleManager: Shutting down and abandoning module AndroidMediaFactory (598)
[2019.12.15-01.05.02:875][736]LogModuleManager: Shutting down and abandoning module AndroidMediaEditor (596)
[2019.12.15-01.05.02:875][736]LogModuleManager: Shutting down and abandoning module MagicLeapCameraPreviewFactory (594)
[2019.12.15-01.05.02:875][736]LogModuleManager: Shutting down and abandoning module MagicLeapMediaCodecFactory (592)
[2019.12.15-01.05.02:875][736]LogModuleManager: Shutting down and abandoning module MagicLeapMediaFactory (590)
[2019.12.15-01.05.02:876][736]LogModuleManager: Shutting down and abandoning module MagicLeapMediaEditor (588)
[2019.12.15-01.05.02:876][736]LogModuleManager: Shutting down and abandoning module CharacterAI (586)
[2019.12.15-01.05.02:876][736]LogModuleManager: Shutting down and abandoning module SmartSnapping (584)
[2019.12.15-01.05.02:876][736]LogModuleManager: Shutting down and abandoning module SessionServices (582)
[2019.12.15-01.05.02:876][736]LogModuleManager: Shutting down and abandoning module MeshPaint (580)
[2019.12.15-01.05.02:876][736]LogModuleManager: Shutting down and abandoning module ViewportSnapping (578)
[2019.12.15-01.05.02:876][736]LogModuleManager: Shutting down and abandoning module ViewportInteraction (576)
[2019.12.15-01.05.02:876][736]LogModuleManager: Shutting down and abandoning module ClothPainter (574)
[2019.12.15-01.05.02:905][736]LogModuleManager: Shutting down and abandoning module SkeletalMeshEditor (573)
[2019.12.15-01.05.02:974][736]LogModuleManager: Shutting down and abandoning module LogVisualizer (570)
[2019.12.15-01.05.03:010][736]LogModuleManager: Shutting down and abandoning module IntroTutorials (568)
[2019.12.15-01.05.03:010][736]LogModuleManager: Shutting down and abandoning module GameProjectGeneration (567)
[2019.12.15-01.05.03:010][736]LogModuleManager: Shutting down and abandoning module LuminPlatformEditor (564)
[2019.12.15-01.05.03:010][736]LogModuleManager: Shutting down and abandoning module IOSPlatformEditor (562)
[2019.12.15-01.05.03:010][736]LogModuleManager: Shutting down and abandoning module HTML5PlatformEditor (560)
[2019.12.15-01.05.03:010][736]LogModuleManager: Shutting down and abandoning module AndroidPlatformEditor (558)
[2019.12.15-01.05.03:010][736]LogModuleManager: Shutting down and abandoning module AndroidDeviceDetection (557)
[2019.12.15-01.05.03:394][736]LogModuleManager: Shutting down and abandoning module WindowsPlatformEditor (554)
[2019.12.15-01.05.03:394][736]LogModuleManager: Shutting down and abandoning module LuminRuntimeSettings (552)
[2019.12.15-01.05.03:394][736]LogModuleManager: Shutting down and abandoning module IOSRuntimeSettings (550)
[2019.12.15-01.05.03:394][736]LogModuleManager: Shutting down and abandoning module AndroidRuntimeSettings (548)
[2019.12.15-01.05.03:394][736]LogModuleManager: Shutting down and abandoning module TimeManagementEditor (546)
[2019.12.15-01.05.03:394][736]LogModuleManager: Shutting down and abandoning module InputBindingEditor (544)
[2019.12.15-01.05.03:394][736]LogModuleManager: Shutting down and abandoning module MergeActors (542)
[2019.12.15-01.05.03:708][736]LogModuleManager: Shutting down and abandoning module LocalizationDashboard (540)
[2019.12.15-01.05.03:881][736]LogModuleManager: Shutting down and abandoning module LocalizationService (539)
[2019.12.15-01.05.04:092][736]LogModuleManager: Shutting down and abandoning module HardwareTargeting (536)
[2019.12.15-01.05.04:092][736]LogModuleManager: Shutting down and abandoning module DeviceProfileEditor (534)
[2019.12.15-01.05.04:275][736]LogModuleManager: Shutting down and abandoning module UndoHistory (532)
[2019.12.15-01.05.04:340][736]LogModuleManager: Shutting down and abandoning module XmlParser (530)
[2019.12.15-01.05.04:340][736]LogModuleManager: Shutting down and abandoning module Blutility (528)
[2019.12.15-01.05.04:340][736]LogModuleManager: Shutting down and abandoning module ProjectSettingsViewer (526)
[2019.12.15-01.05.04:340][736]LogModuleManager: Shutting down and abandoning module ProjectTargetPlatformEditor (525)
[2019.12.15-01.05.04:341][736]LogModuleManager: Shutting down and abandoning module EditorSettingsViewer (522)
[2019.12.15-01.05.04:341][736]LogModuleManager: Shutting down and abandoning module SettingsEditor (520)
[2019.12.15-01.05.04:478][736]LogModuleManager: Shutting down and abandoning module ProjectLauncher (518)
[2019.12.15-01.05.04:628][736]LogModuleManager: Shutting down and abandoning module SessionFrontend (516)
[2019.12.15-01.05.04:745][736]LogModuleManager: Shutting down and abandoning module ProfilerClient (514)
[2019.12.15-01.05.05:258][736]LogModuleManager: Shutting down and abandoning module DeviceManager (512)
[2019.12.15-01.05.05:391][736]LogModuleManager: Shutting down and abandoning module TargetDeviceServices (511)
[2019.12.15-01.05.05:494][736]LogModuleManager: Shutting down and abandoning module AutomationController (508)
[2019.12.15-01.05.05:494][736]LogModuleManager: Shutting down and abandoning module AutomationWindow (506)
[2019.12.15-01.05.05:691][736]LogModuleManager: Shutting down and abandoning module Layers (504)
[2019.12.15-01.05.05:691][736]LogModuleManager: Shutting down and abandoning module ComponentVisualizers (502)
[2019.12.15-01.05.05:691][736]LogModuleManager: Shutting down and abandoning module DetailCustomizations (500)
[2019.12.15-01.05.05:691][736]LogModuleManager: Shutting down and abandoning module PackagesDialog (498)
[2019.12.15-01.05.05:691][736]LogModuleManager: Shutting down and abandoning module AnimationBlueprintEditor (496)
[2019.12.15-01.05.05:788][736]LogModuleManager: Shutting down and abandoning module Persona (494)
[2019.12.15-01.05.05:788][736]LogModuleManager: Shutting down and abandoning module AdvancedPreviewScene (493)
[2019.12.15-01.05.05:788][736]LogModuleManager: Shutting down and abandoning module AnimGraph (491)
[2019.12.15-01.05.05:788][736]LogModuleManager: Shutting down and abandoning module Kismet (488)
[2019.12.15-01.05.05:789][736]LogModuleManager: Shutting down and abandoning module KismetWidgets (487)
[2019.12.15-01.05.05:789][736]LogModuleManager: Shutting down and abandoning module GraphEditor (484)
[2019.12.15-01.05.05:789][736]LogModuleManager: Shutting down and abandoning module StructViewer (482)
[2019.12.15-01.05.05:789][736]LogModuleManager: Shutting down and abandoning module ClassViewer (480)
[2019.12.15-01.05.05:789][736]LogModuleManager: Shutting down and abandoning module Toolbox (478)
[2019.12.15-01.05.05:789][736]LogModuleManager: Shutting down and abandoning module ModuleUI (476)
[2019.12.15-01.05.05:865][736]LogModuleManager: Shutting down and abandoning module MovieSceneTools (474)
[2019.12.15-01.05.05:866][736]LogModuleManager: Shutting down and abandoning module OutputLog (472)
[2019.12.15-01.05.05:866][736]LogModuleManager: Shutting down and abandoning module GammaUI (470)
[2019.12.15-01.05.06:045][736]LogModuleManager: Shutting down and abandoning module Documentation (468)
[2019.12.15-01.05.06:045][736]LogModuleManager: Shutting down and abandoning module LiveCoding (466)
[2019.12.15-01.05.06:180][736]LogModuleManager: Shutting down and abandoning module LevelSequence (464)
[2019.12.15-01.05.06:180][736]LogModuleManager: Shutting down and abandoning module MovieSceneTracks (462)
[2019.12.15-01.05.06:180][736]LogModuleManager: Shutting down and abandoning module MovieScene (460)
[2019.12.15-01.05.06:180][736]LogModuleManager: Shutting down and abandoning module StreamingPauseRendering (458)
[2019.12.15-01.05.06:245][736]LogModuleManager: Shutting down and abandoning module LauncherPlatform (456)
[2019.12.15-01.05.06:245][736]LogModuleManager: Shutting down and abandoning module AnalyticsET (454)
[2019.12.15-01.05.06:245][736]LogModuleManager: Shutting down and abandoning module PortalServices (452)
[2019.12.15-01.05.06:245][736]LogModuleManager: Shutting down and abandoning module PortalRpc (450)
[2019.12.15-01.05.06:245][736]LogModuleManager: Shutting down and abandoning module MessagingRpc (448)
[2019.12.15-01.05.06:245][736]LogModuleManager: Shutting down and abandoning module AIModule (446)
[2019.12.15-01.05.06:245][736]LogModuleManager: Shutting down and abandoning module GameplayDebugger (445)
[2019.12.15-01.05.06:245][736]LogModuleManager: Shutting down and abandoning module AITestSuite (443)
[2019.12.15-01.05.06:245][736]LogModuleManager: Shutting down and abandoning module NavigationSystem (441)
[2019.12.15-01.05.06:245][736]LogModuleManager: Shutting down and abandoning module DesktopPlatform (438)
[2019.12.15-01.05.06:245][736]LogModuleManager: Shutting down and abandoning module ImageWriteQueue (436)
[2019.12.15-01.05.06:248][736]LogModuleManager: Shutting down and abandoning module ProfilerService (434)
[2019.12.15-01.05.06:317][736]LogModuleManager: Shutting down and abandoning module TaskGraph (432)
[2019.12.15-01.05.06:386][736]LogModuleManager: Shutting down and abandoning module PythonEditor (430)
[2019.12.15-01.05.06:386][736]LogModuleManager: Shutting down and abandoning module UnrealEnginePython (428)
[2019.12.15-01.05.06:386][736]LogPython: Goodbye Python
[2019.12.15-01.05.06:442][736]LogModuleManager: Shutting down and abandoning module ScreenshotTools (426)
[2019.12.15-01.05.06:442][736]LogModuleManager: Shutting down and abandoning module SteamVRController (424)
[2019.12.15-01.05.06:442][736]LogModuleManager: Shutting down and abandoning module ProceduralMeshComponentEditor (422)
[2019.12.15-01.05.06:442][736]LogModuleManager: Shutting down and abandoning module ProceduralMeshComponent (420)
[2019.12.15-01.05.06:442][736]LogModuleManager: Shutting down and abandoning module OculusEditor (418)
[2019.12.15-01.05.06:442][736]LogModuleManager: Shutting down and abandoning module OculusInput (416)
[2019.12.15-01.05.06:442][736]LogModuleManager: Shutting down and abandoning module MobilePatchingUtils (414)
[2019.12.15-01.05.06:442][736]LogModuleManager: Shutting down and abandoning module HoudiniEngineRuntime (412)
[2019.12.15-01.05.06:442][736]LogHoudiniEngine: Shutting down the Houdini Engine module.
[2019.12.15-01.05.06:443][736]LogModuleManager: Shutting down and abandoning module EditableMesh (410)
[2019.12.15-01.05.06:443][736]LogModuleManager: Shutting down and abandoning module CustomMeshComponent (408)
[2019.12.15-01.05.06:443][736]LogModuleManager: Shutting down and abandoning module CableComponent (406)
[2019.12.15-01.05.06:443][736]LogModuleManager: Shutting down and abandoning module AudioCapture (404)
[2019.12.15-01.05.06:443][736]LogModuleManager: Shutting down and abandoning module ArchVisCharacter (402)
[2019.12.15-01.05.06:443][736]LogModuleManager: Shutting down and abandoning module AppleImageUtilsBlueprintSupport (400)
[2019.12.15-01.05.06:443][736]LogModuleManager: Shutting down and abandoning module AppleImageUtils (398)
[2019.12.15-01.05.06:443][736]LogModuleManager: Shutting down and abandoning module AndroidPermission (396)
[2019.12.15-01.05.06:443][736]LogModuleManager: Shutting down and abandoning module NUTUnrealEngine4 (394)
[2019.12.15-01.05.06:443][736]LogModuleManager: Shutting down and abandoning module NetcodeUnitTest (392)
[2019.12.15-01.05.06:443][736]LogModuleManager: Shutting down and abandoning module MediaCompositing (390)
[2019.12.15-01.05.06:443][736]LogModuleManager: Shutting down and abandoning module ImgMedia (388)
[2019.12.15-01.05.06:443][736]LogModuleManager: Shutting down and abandoning module MagicLeapHelperVulkan (386)
[2019.12.15-01.05.06:443][736]LogModuleManager: Shutting down and abandoning module MagicLeapHelperOpenGL (384)
[2019.12.15-01.05.06:443][736]LogModuleManager: Shutting down and abandoning module MagicLeapAudio (382)
[2019.12.15-01.05.06:460][736]LogModuleManager: Shutting down and abandoning module HTML5Networking (380)
[2019.12.15-01.05.06:460][736]LogModuleManager: Shutting down and abandoning module GeometryCacheTracks (378)
[2019.12.15-01.05.06:460][736]LogModuleManager: Shutting down and abandoning module GeometryCacheSequencer (376)
[2019.12.15-01.05.06:460][736]LogModuleManager: Shutting down and abandoning module BackChannel (374)
[2019.12.15-01.05.06:460][736]LogModuleManager: Shutting down and abandoning module AutomationUtilsEditor (372)
[2019.12.15-01.05.06:460][736]LogModuleManager: Shutting down and abandoning module AutomationUtils (370)
[2019.12.15-01.05.06:460][736]LogModuleManager: Shutting down and abandoning module AlembicImporter (368)
[2019.12.15-01.05.06:507][736]LogModuleManager: Shutting down and abandoning module AlembicLibrary (367)
[2019.12.15-01.05.06:507][736]LogModuleManager: Shutting down and abandoning module GeometryCache (366)
[2019.12.15-01.05.06:507][736]LogModuleManager: Shutting down and abandoning module GeometryCacheEd (365)
[2019.12.15-01.05.06:507][736]LogModuleManager: Shutting down and abandoning module VariantManagerContent (360)
[2019.12.15-01.05.06:507][736]LogModuleManager: Shutting down and abandoning module DatasmithContentEditor (358)
[2019.12.15-01.05.06:507][736]LogModuleManager: Shutting down and abandoning module SpeedTreeImporter (356)
[2019.12.15-01.05.06:507][736]LogModuleManager: Shutting down and abandoning module PluginBrowser (354)
[2019.12.15-01.05.06:507][736]LogModuleManager: Shutting down and abandoning module MobileLauncherProfileWizard (352)
[2019.12.15-01.05.06:507][736]LogModuleManager: Shutting down and abandoning module MaterialAnalyzer (350)
[2019.12.15-01.05.06:507][736]LogModuleManager: Shutting down and abandoning module CurveEditorTools (348)
[2019.12.15-01.05.06:508][736]LogModuleManager: Shutting down and abandoning module CurveEditor (347)
[2019.12.15-01.05.06:508][736]LogModuleManager: Shutting down and abandoning module CryptoKeysOpenSSL (344)
[2019.12.15-01.05.06:508][736]LogModuleManager: Shutting down and abandoning module CryptoKeys (342)
[2019.12.15-01.05.06:508][736]LogModuleManager: Shutting down and abandoning module VisualStudioSourceCodeAccess (340)
[2019.12.15-01.05.06:508][736]LogModuleManager: Shutting down and abandoning module VisualStudioCodeSourceCodeAccess (338)
[2019.12.15-01.05.06:508][736]LogModuleManager: Shutting down and abandoning module UObjectPlugin (336)
[2019.12.15-01.05.06:508][736]LogModuleManager: Shutting down and abandoning module SubversionSourceControl (334)
[2019.12.15-01.05.06:508][736]LogModuleManager: Shutting down and abandoning module PerforceSourceControl (332)
[2019.12.15-01.05.06:508][736]LogModuleManager: Shutting down and abandoning module GitSourceControl (330)
[2019.12.15-01.05.06:508][736]LogModuleManager: Shutting down and abandoning module SourceControl (329)
[2019.12.15-01.05.06:508][736]LogModuleManager: Shutting down and abandoning module CLionSourceCodeAccess (326)
[2019.12.15-01.05.06:508][736]LogModuleManager: Shutting down and abandoning module AnimationSharingEd (324)
[2019.12.15-01.05.06:508][736]LogModuleManager: Shutting down and abandoning module ActorLayerUtilitiesEditor (322)
[2019.12.15-01.05.06:508][736]LogModuleManager: Shutting down and abandoning module ActorLayerUtilities (320)
[2019.12.15-01.05.06:508][736]LogModuleManager: Shutting down and abandoning module LightPropagationVolumeEditor (318)
[2019.12.15-01.05.06:508][736]LogModuleManager: Shutting down and abandoning module PaperTiledImporter (316)
[2019.12.15-01.05.06:508][736]LogModuleManager: Shutting down and abandoning module PaperSpriteSheetImporter (314)
[2019.12.15-01.05.06:508][736]LogModuleManager: Shutting down and abandoning module Paper2DEditor (312)
[2019.12.15-01.05.06:580][736]LogModuleManager: Shutting down and abandoning module PythonConsole (310)
[2019.12.15-01.05.06:580][736]LogModuleManager: Shutting down and abandoning module SignificanceManager (308)
[2019.12.15-01.05.06:580][736]LogModuleManager: Shutting down and abandoning module RuntimePhysXCooking (306)
[2019.12.15-01.05.06:580][736]LogModuleManager: Shutting down and abandoning module PhysXVehiclesEditor (304)
[2019.12.15-01.05.06:580][736]LogModuleManager: Shutting down and abandoning module LocationServicesBPLibrary (300)
[2019.12.15-01.05.06:580][736]LogModuleManager: Shutting down and abandoning module ActorSequence (298)
[2019.12.15-01.05.06:580][736]LogModuleManager: Shutting down and abandoning module UdpMessaging (296)
[2019.12.15-01.05.06:681][736]LogModuleManager: Shutting down and abandoning module TcpMessaging (294)
[2019.12.15-01.05.06:781][736]LogModuleManager: Shutting down and abandoning module MagicLeapIdentity (292)
[2019.12.15-01.05.06:781][736]LogModuleManager: Shutting down and abandoning module MagicLeapSecureStorage (290)
[2019.12.15-01.05.06:781][736]LogModuleManager: Shutting down and abandoning module MagicLeapHandTracking (288)
[2019.12.15-01.05.06:850][736]LogModuleManager: Shutting down and abandoning module MagicLeapEyeTracker (286)
[2019.12.15-01.05.06:850][736]LogModuleManager: Shutting down and abandoning module MagicLeapController (284)
[2019.12.15-01.05.06:850][736]LogSlate: Slate User Destroyed.  User Index 0, Is Virtual User: 0
[2019.12.15-01.05.06:850][736]LogModuleManager: Shutting down and abandoning module MagicLeapAR (282)
[2019.12.15-01.05.06:850][736]LogModuleManager: Shutting down and abandoning module AugmentedReality (281)
[2019.12.15-01.05.06:850][736]LogModuleManager: Shutting down and abandoning module GameplayTagsEditor (278)
[2019.12.15-01.05.06:850][736]LogModuleManager: Shutting down and abandoning module FacialAnimationEditor (276)
[2019.12.15-01.05.06:850][736]LogModuleManager: Shutting down and abandoning module FacialAnimation (274)
[2019.12.15-01.05.06:850][736]LogModuleManager: Shutting down and abandoning module DataValidation (272)
[2019.12.15-01.05.06:850][736]LogModuleManager: Shutting down and abandoning module AssetManagerEditor (270)
[2019.12.15-01.05.06:850][736]LogModuleManager: Shutting down and abandoning module LevelEditor (269)
[2019.12.15-01.05.06:891][736]LogModuleManager: Shutting down and abandoning module PixelInspectorModule (268)
[2019.12.15-01.05.06:891][736]LogModuleManager: Shutting down and abandoning module CommonMenuExtensions (266)
[2019.12.15-01.05.06:891][736]LogModuleManager: Shutting down and abandoning module MainFrame (264)
[2019.12.15-01.05.06:892][736]LogModuleManager: Shutting down and abandoning module HotReload (263)
[2019.12.15-01.05.06:892][736]LogModuleManager: Shutting down and abandoning module ContentBrowser (259)
[2019.12.15-01.05.06:893][736]LogModuleManager: Shutting down and abandoning module TreeMap (257)
[2019.12.15-01.05.06:893][736]LogModuleManager: Shutting down and abandoning module AnimationSharing (254)
[2019.12.15-01.05.06:893][736]LogModuleManager: Shutting down and abandoning module LightPropagationVolumeRuntime (252)
[2019.12.15-01.05.06:893][736]LogModuleManager: Shutting down and abandoning module Paper2D (250)
[2019.12.15-01.05.06:910][736]LogModuleManager: Shutting down and abandoning module WindowsMoviePlayer (248)
[2019.12.15-01.05.06:914][736]LogModuleManager: Shutting down and abandoning module WebMMoviePlayer (246)
[2019.12.15-01.05.06:914][736]LogModuleManager: Shutting down and abandoning module NetworkReplayStreaming (244)
[2019.12.15-01.05.06:914][736]LogModuleManager: Shutting down and abandoning module PacketHandler (242)
[2019.12.15-01.05.06:914][736]LogModuleManager: Shutting down and abandoning module ClothingSystemEditor (240)
[2019.12.15-01.05.06:914][736]LogModuleManager: Shutting down and abandoning module ClothingSystemRuntime (238)
[2019.12.15-01.05.06:914][736]LogModuleManager: Shutting down and abandoning module MediaAssets (236)
[2019.12.15-01.05.06:914][736]LogModuleManager: Shutting down and abandoning module Overlay (234)
[2019.12.15-01.05.06:914][736]LogModuleManager: Shutting down and abandoning module OverlayEditor (233)
[2019.12.15-01.05.06:914][736]LogModuleManager: Shutting down and abandoning module VREditor (230)
[2019.12.15-01.05.06:914][736]LogModuleManager: Shutting down and abandoning module StringTableEditor (228)
[2019.12.15-01.05.06:914][736]LogModuleManager: Shutting down and abandoning module GameplayTasksEditor (226)
[2019.12.15-01.05.06:914][736]LogModuleManager: Shutting down and abandoning module BehaviorTreeEditor (224)
[2019.12.15-01.05.06:914][736]LogModuleManager: Shutting down and abandoning module FunctionalTesting (222)
[2019.12.15-01.05.06:914][736]LogModuleManager: Shutting down and abandoning module CollisionAnalyzer (220)
[2019.12.15-01.05.06:914][736]LogModuleManager: Shutting down and abandoning module WorkspaceMenuStructure (219)
[2019.12.15-01.05.06:914][736]LogModuleManager: Shutting down and abandoning module UMG (216)
[2019.12.15-01.05.06:915][736]LogModuleManager: Shutting down and abandoning module UMGEditor (215)
[2019.12.15-01.05.06:915][736]LogModuleManager: Shutting down and abandoning module Sequencer (214)
[2019.12.15-01.05.06:915][736]LogModuleManager: Shutting down and abandoning module MessageLog (211)
[2019.12.15-01.05.06:915][736]LogModuleManager: Shutting down and abandoning module SlateReflector (206)
[2019.12.15-01.05.06:915][736]LogModuleManager: Shutting down and abandoning module Slate (204)
[2019.12.15-01.05.06:915][736]LogModuleManager: Shutting down and abandoning module LandscapeEditorUtilities (202)
[2019.12.15-01.05.06:915][736]LogModuleManager: Shutting down and abandoning module EditorStyle (200)
[2019.12.15-01.05.06:916][736]LogModuleManager: Shutting down and abandoning module UnrealEd (198)
[2019.12.15-01.05.06:916][736]LogModuleManager: Shutting down and abandoning module MRMesh (196)
[2019.12.15-01.05.06:916][736]LogModuleManager: Shutting down and abandoning module SourceCodeAccess (194)
[2019.12.15-01.05.06:916][736]LogModuleManager: Shutting down and abandoning module HeadMountedDisplay (192)
[2019.12.15-01.05.06:916][736]LogModuleManager: Shutting down and abandoning module XAudio2 (190)
[2019.12.15-01.05.06:916][736]LogModuleManager: Shutting down and abandoning module Networking (188)
[2019.12.15-01.05.06:916][736]LogModuleManager: Shutting down and abandoning module Core (186)
[2019.12.15-01.05.06:916][736]LogModuleManager: Shutting down and abandoning module KismetCompiler (184)
[2019.12.15-01.05.06:916][736]LogModuleManager: Shutting down and abandoning module MeshUtilities (182)
[2019.12.15-01.05.06:916][736]LogModuleManager: Shutting down and abandoning module MeshMergeUtilities (181)
[2019.12.15-01.05.06:916][736]LogModuleManager: Shutting down and abandoning module MeshReductionInterface (180)
[2019.12.15-01.05.06:916][736]LogModuleManager: Shutting down and abandoning module SkeletalMeshReduction (179)
[2019.12.15-01.05.06:916][736]LogModuleManager: Shutting down and abandoning module ProxyLODMeshReduction (177)
[2019.12.15-01.05.06:916][736]LogModuleManager: Shutting down and abandoning module QuadricMeshReduction (175)
[2019.12.15-01.05.06:916][736]LogModuleManager: Shutting down and abandoning module MaterialBaking (171)
[2019.12.15-01.05.06:916][736]LogModuleManager: Shutting down and abandoning module NullInstallBundleManager (166)
[2019.12.15-01.05.06:916][736]LogModuleManager: Shutting down and abandoning module DerivedDataCache (164)
[2019.12.15-01.05.06:987][736]LogDerivedDataCache: Shutdown
[2019.12.15-01.05.06:987][736]LogModuleManager: Shutting down and abandoning module XGEController (162)
[2019.12.15-01.05.06:987][736]LogXGEController: Cleaning working directory: C:/Users/donov/AppData/Local/Temp/UnrealXGEWorkingDir/
[2019.12.15-01.05.06:988][736]LogModuleManager: Shutting down and abandoning module TargetPlatform (160)
[2019.12.15-01.05.06:988][736]LogModuleManager: Shutting down and abandoning module VulkanShaderFormat (159)
[2019.12.15-01.05.06:988][736]LogModuleManager: Shutting down and abandoning module ShaderFormatVectorVM (157)
[2019.12.15-01.05.06:988][736]LogModuleManager: Shutting down and abandoning module ShaderFormatOpenGL (155)
[2019.12.15-01.05.06:988][736]LogModuleManager: Shutting down and abandoning module ShaderFormatD3D (153)
[2019.12.15-01.05.06:988][736]LogModuleManager: Shutting down and abandoning module MetalShaderFormat (151)
[2019.12.15-01.05.06:988][736]LogModuleManager: Shutting down and abandoning module TextureFormatUncompressed (149)
[2019.12.15-01.05.06:988][736]LogModuleManager: Shutting down and abandoning module TextureFormatPVR (147)
[2019.12.15-01.05.06:988][736]LogModuleManager: Shutting down and abandoning module TextureFormatDXT (145)
[2019.12.15-01.05.06:988][736]LogModuleManager: Shutting down and abandoning module TextureFormatIntelISPCTexComp (143)
[2019.12.15-01.05.06:988][736]LogModuleManager: Shutting down and abandoning module TextureFormatASTC (141)
[2019.12.15-01.05.06:988][736]LogModuleManager: Shutting down and abandoning module ImageWrapper (140)
[2019.12.15-01.05.06:988][736]LogModuleManager: Shutting down and abandoning module TextureFormatAndroid (137)
[2019.12.15-01.05.06:988][736]LogModuleManager: Shutting down and abandoning module AudioFormatOpus (135)
[2019.12.15-01.05.06:988][736]LogModuleManager: Shutting down and abandoning module AudioFormatOgg (133)
[2019.12.15-01.05.06:988][736]LogModuleManager: Shutting down and abandoning module AudioFormatADPCM (131)
[2019.12.15-01.05.06:988][736]LogModuleManager: Shutting down and abandoning module LuminTargetPlatform (129)
[2019.12.15-01.05.06:989][736]LogModuleManager: Shutting down and abandoning module LinuxTargetPlatform (127)
[2019.12.15-01.05.06:989][736]LogModuleManager: Shutting down and abandoning module LinuxServerTargetPlatform (125)
[2019.12.15-01.05.06:989][736]LogModuleManager: Shutting down and abandoning module LinuxNoEditorTargetPlatform (123)
[2019.12.15-01.05.06:989][736]LogModuleManager: Shutting down and abandoning module LinuxClientTargetPlatform (121)
[2019.12.15-01.05.06:989][736]LogModuleManager: Shutting down and abandoning module TVOSTargetPlatform (119)
[2019.12.15-01.05.06:990][736]LogModuleManager: Shutting down and abandoning module Messaging (117)
[2019.12.15-01.05.06:990][736]LogModuleManager: Shutting down and abandoning module IOSTargetPlatform (115)
[2019.12.15-01.05.06:990][736]LogModuleManager: Shutting down and abandoning module HTML5TargetPlatform (113)
[2019.12.15-01.05.06:990][736]LogModuleManager: Shutting down and abandoning module AndroidTargetPlatform (111)
[2019.12.15-01.05.06:997][736]LogModuleManager: Shutting down and abandoning module WindowsTargetPlatform (109)
[2019.12.15-01.05.06:997][736]LogModuleManager: Shutting down and abandoning module WindowsServerTargetPlatform (107)
[2019.12.15-01.05.06:997][736]LogModuleManager: Shutting down and abandoning module WindowsNoEditorTargetPlatform (105)
[2019.12.15-01.05.06:997][736]LogModuleManager: Shutting down and abandoning module WindowsClientTargetPlatform (103)
[2019.12.15-01.05.06:997][736]LogModuleManager: Shutting down and abandoning module MacTargetPlatform (101)
[2019.12.15-01.05.06:997][736]LogModuleManager: Shutting down and abandoning module MacServerTargetPlatform (99)
[2019.12.15-01.05.06:997][736]LogModuleManager: Shutting down and abandoning module MacNoEditorTargetPlatform (97)
[2019.12.15-01.05.06:997][736]LogModuleManager: Shutting down and abandoning module MacClientTargetPlatform (95)
[2019.12.15-01.05.06:997][736]LogModuleManager: Shutting down and abandoning module AllDesktopTargetPlatform (93)
[2019.12.15-01.05.06:997][736]LogModuleManager: Shutting down and abandoning module InputCore (90)
[2019.12.15-01.05.06:997][736]LogModuleManager: Shutting down and abandoning module Settings (88)
[2019.12.15-01.05.06:997][736]LogModuleManager: Shutting down and abandoning module DirectoryWatcher (86)
[2019.12.15-01.05.06:997][736]LogModuleManager: Shutting down and abandoning module PhysXCooking (84)
[2019.12.15-01.05.06:997][736]LogModuleManager: Shutting down and abandoning module WindowsPlatformFeatures (82)
[2019.12.15-01.05.06:997][736]LogModuleManager: Shutting down and abandoning module GameplayMediaEncoder (81)
[2019.12.15-01.05.06:997][736]LogModuleManager: Shutting down and abandoning module SteamVR (78)
[2019.12.15-01.05.06:997][736]LogHMD: Freeing OpenVRDLLHandle.
[2019.12.15-01.05.06:997][736]LogModuleManager: Shutting down and abandoning module OculusHMD (76)
[2019.12.15-01.05.06:998][736]LogModuleManager: Shutting down and abandoning module ExampleDeviceProfileSelector (74)
[2019.12.15-01.05.06:998][736]LogModuleManager: Shutting down and abandoning module LauncherChunkInstaller (72)
[2019.12.15-01.05.06:998][736]LogModuleManager: Shutting down and abandoning module OnlineBlueprintSupport (70)
[2019.12.15-01.05.06:998][736]LogModuleManager: Shutting down and abandoning module OnlineSubsystem (66)
[2019.12.15-01.05.06:998][736]LogModuleManager: Shutting down and abandoning module XMPP (61)
[2019.12.15-01.05.06:999][736]LogModuleManager: Shutting down and abandoning module WebSockets (60)
[2019.12.15-01.05.07:014][736]LogModuleManager: Shutting down and abandoning module HTTP (57)
[2019.12.15-01.05.07:014][736]LogHttp: Display: Http module shutting down, but needs to wait on 1 outstanding Http requests:
[2019.12.15-01.05.07:014][736]LogHttp: Display: 	verb=[POST] url=[https://datarouter.ol.epicgames.com/datarouter/api/v1/public/data?SessionID=%7B71B5A9F4-45D4-71DF-D8DB-5996CEF646C3%7D&AppID=UEEditor.Rocket.Release&AppVersion=4.23.1-9631420%2B%2B%2BUE4%2BRelease-4.23&UserID=62ec3aea4733262c64c67c9d2690dfd3%7C11a16c4452444e6a86ed681ecec71740%7C3f799294-2a8a-4eb9-abf7-41f28e9c08f3&AppEnvironment=datacollector-binary&UploadType=eteventstream] status=Processing
[2019.12.15-01.05.07:031][736]LogModuleManager: Shutting down and abandoning module SSL (56)
[2019.12.15-01.05.07:032][736]LogModuleManager: Shutting down and abandoning module WmfMedia (52)
[2019.12.15-01.05.07:033][736]LogModuleManager: Shutting down and abandoning module Media (51)
[2019.12.15-01.05.07:033][736]LogModuleManager: Shutting down and abandoning module MagicLeap (48)
[2019.12.15-01.05.07:034][736]LogModuleManager: Shutting down and abandoning module DatasmithContent (46)
[2019.12.15-01.05.07:034][736]LogModuleManager: Shutting down and abandoning module AISupportModule (44)
[2019.12.15-01.05.07:034][736]LogModuleManager: Shutting down and abandoning module PlatformCryptoOpenSSL (42)
[2019.12.15-01.05.07:034][736]LogModuleManager: Shutting down and abandoning module PlatformCrypto (40)
[2019.12.15-01.05.07:034][736]LogModuleManager: Shutting down and abandoning module AnimationModifiers (38)
[2019.12.15-01.05.07:034][736]LogModuleManager: Shutting down and abandoning module PropertyEditor (37)
[2019.12.15-01.05.07:034][736]LogModuleManager: Shutting down and abandoning module AudioEditor (34)
[2019.12.15-01.05.07:035][736]LogModuleManager: Shutting down and abandoning module TextureCompressor (32)
[2019.12.15-01.05.07:035][736]LogModuleManager: Shutting down and abandoning module RenderCore (30)
[2019.12.15-01.05.07:035][736]LogModuleManager: Shutting down and abandoning module Landscape (28)
[2019.12.15-01.05.07:035][736]LogModuleManager: Shutting down and abandoning module SlateRHIRenderer (26)
[2019.12.15-01.05.07:036][736]LogModuleManager: Shutting down and abandoning module OpenGLDrv (24)
[2019.12.15-01.05.07:036][736]LogModuleManager: Shutting down and abandoning module D3D11RHI (22)
[2019.12.15-01.05.07:036][736]LogModuleManager: Shutting down and abandoning module AnimGraphRuntime (20)
[2019.12.15-01.05.07:036][736]LogModuleManager: Shutting down and abandoning module Renderer (18)
[2019.12.15-01.05.07:036][736]LogModuleManager: Shutting down and abandoning module Engine (16)
[2019.12.15-01.05.07:036][736]LogModuleManager: Shutting down and abandoning module CoreUObject (14)
[2019.12.15-01.05.07:036][736]LogModuleManager: Shutting down and abandoning module NetworkFile (12)
[2019.12.15-01.05.07:036][736]LogModuleManager: Shutting down and abandoning module CookedIterativeFile (10)
[2019.12.15-01.05.07:036][736]LogModuleManager: Shutting down and abandoning module StreamingFile (8)
[2019.12.15-01.05.07:036][736]LogModuleManager: Shutting down and abandoning module SandboxFile (6)
[2019.12.15-01.05.07:036][736]LogModuleManager: Shutting down and abandoning module PakFile (4)
[2019.12.15-01.05.07:036][736]LogModuleManager: Shutting down and abandoning module RSA (3)
[2019.12.15-01.05.07:037][736]LogD3D11RHI: Shutdown
[2019.12.15-01.05.07:054][736]LogD3D11RHI: CleanupD3DDevice
[2019.12.15-01.05.07:186][736]LogRendererCore: FGlobalDynamicReadBuffer::Cleanup()
[2019.12.15-01.05.07:186][736]LogRendererCore: FGlobalDynamicReadBuffer::Cleanup()
[2019.12.15-01.05.07:186][736]LogRendererCore: FGlobalDynamicReadBuffer::Cleanup()
[2019.12.15-01.05.07:255][736]LogD3D11RHI: ~FD3D11DynamicRHI
[2019.12.15-01.05.07:264][736]LogExit: Exiting.
[2019.12.15-01.05.07:287][736]Log file closed, 12/14/19 19:05:07
